Using pre-set license
Built from '2020.3/staging' branch; Version is '2020.3.19f1 (68f137dc9bbe) revision 6877495'; Using compiler version '192528614'; Build Type 'Release'
OS: 'Windows 10 Home Single Language; OS build 19042.1237; Version 2009; 64bit' Language: 'ru' Physical Memory: 7630 MB
BatchMode: 1, IsHumanControllingUs: 0, StartBugReporterOnCrash: 0, Is64bit: 1, IsPro: 0

COMMAND LINE ARGUMENTS:
C:\Program Files\Unity\Hub\2020.3.19f1\Editor\Unity.exe
-adb2
-batchMode
-noUpm
-name
AssetImportWorker1
-projectPath
E:/Unity/MyFirst3DGame
-logFile
Logs/AssetImportWorker1.log
-srvPort
49603
Successfully changed project path to: E:/Unity/MyFirst3DGame
E:/Unity/MyFirst3DGame
Using Asset Import Pipeline V2.
Refreshing native plugins compatible for Editor in 123.26 ms, found 2 plugins.
Preloading 0 native plugins for Editor in 0.00 ms.
Initialize engine version: 2020.3.19f1 (68f137dc9bbe)
[Subsystems] Discovering subsystems at path C:/Program Files/Unity/Hub/2020.3.19f1/Editor/Data/Resources/UnitySubsystems
[Subsystems] Discovering subsystems at path E:/Unity/MyFirst3DGame/Assets
GfxDevice: creating device client; threaded=0
Direct3D:
    Version:  Direct3D 11.0 [level 11.0]
    Renderer: NVIDIA GeForce GTX 650 Ti (ID=0x11c6)
    Vendor:   
    VRAM:     984 MB
    Driver:   27.21.14.5730
Initialize mono
Mono path[0] = 'C:/Program Files/Unity/Hub/2020.3.19f1/Editor/Data/Managed'
Mono path[1] = 'C:/Program Files/Unity/Hub/2020.3.19f1/Editor/Data/MonoBleedingEdge/lib/mono/unityjit'
Mono config path = 'C:/Program Files/Unity/Hub/2020.3.19f1/Editor/Data/MonoBleedingEdge/etc'
Using monoOptions --debugger-agent=transport=dt_socket,embedding=1,server=y,suspend=n,address=127.0.0.1:56080
Begin MonoManager ReloadAssembly
Registering precompiled unity dll's ...
Register platform support module: C:/Program Files/Unity/Hub/2020.3.19f1/Editor/Data/PlaybackEngines/WindowsStandaloneSupport/UnityEditor.WindowsStandalone.Extensions.dll
Registered in 0.003899 seconds.
Native extension for WindowsStandalone target not found
Refreshing native plugins compatible for Editor in 137.33 ms, found 2 plugins.
Preloading 0 native plugins for Editor in 0.00 ms.
Mono: successfully reloaded assembly
- Completed reload, in 12.410 seconds
Domain Reload Profiling:
	ReloadAssembly (12410ms)
		BeginReloadAssembly (137ms)
			ExecutionOrderSort (0ms)
			DisableScriptedObjects (0ms)
			BackupInstance (0ms)
			ReleaseScriptingObjects (0ms)
			CreateAndSetChildDomain (1ms)
		EndReloadAssembly (1171ms)
			LoadAssemblies (133ms)
			RebuildTransferFunctionScriptingTraits (0ms)
			SetupTypeCache (459ms)
			ReleaseScriptCaches (0ms)
			RebuildScriptCaches (80ms)
			SetupLoadedEditorAssemblies (451ms)
				LogAssemblyErrors (0ms)
				InitializePlatformSupportModulesInManaged (9ms)
				SetLoadedEditorAssemblies (0ms)
				RefreshPlugins (137ms)
				BeforeProcessingInitializeOnLoad (42ms)
				ProcessInitializeOnLoadAttributes (190ms)
				ProcessInitializeOnLoadMethodAttributes (71ms)
				AfterProcessingInitializeOnLoad (0ms)
				EditorAssembliesLoaded (1ms)
			ExecutionOrderSort2 (0ms)
			AwakeInstancesAfterBackupRestoration (0ms)
Platform modules already initialized, skipping
Registering precompiled user dll's ...
Registered in 0.004042 seconds.
Begin MonoManager ReloadAssembly
Native extension for WindowsStandalone target not found
Refreshing native plugins compatible for Editor in 1.18 ms, found 2 plugins.
Preloading 0 native plugins for Editor in 0.00 ms.
Mono: successfully reloaded assembly
- Completed reload, in  2.580 seconds
Domain Reload Profiling:
	ReloadAssembly (2582ms)
		BeginReloadAssembly (385ms)
			ExecutionOrderSort (0ms)
			DisableScriptedObjects (16ms)
			BackupInstance (0ms)
			ReleaseScriptingObjects (0ms)
			CreateAndSetChildDomain (46ms)
		EndReloadAssembly (2031ms)
			LoadAssemblies (208ms)
			RebuildTransferFunctionScriptingTraits (0ms)
			SetupTypeCache (734ms)
			ReleaseScriptCaches (1ms)
			RebuildScriptCaches (121ms)
			SetupLoadedEditorAssemblies (763ms)
				LogAssemblyErrors (0ms)
				InitializePlatformSupportModulesInManaged (13ms)
				SetLoadedEditorAssemblies (1ms)
				RefreshPlugins (1ms)
				BeforeProcessingInitializeOnLoad (194ms)
				ProcessInitializeOnLoadAttributes (523ms)
				ProcessInitializeOnLoadMethodAttributes (12ms)
				AfterProcessingInitializeOnLoad (18ms)
				EditorAssembliesLoaded (0ms)
			ExecutionOrderSort2 (0ms)
			AwakeInstancesAfterBackupRestoration (17ms)
Platform modules already initialized, skipping
========================================================================
Worker process is ready to serve import requests
Launched and connected shader compiler UnityShaderCompiler.exe after 0.42 seconds
Refreshing native plugins compatible for Editor in 1.03 ms, found 2 plugins.
Preloading 0 native plugins for Editor in 0.00 ms.
Unloading 1685 Unused Serialized files (Serialized files now loaded: 0)
System memory in use before: 104.5 MB.
System memory in use after: 103.5 MB.

Unloading 21 unused Assets to reduce memory usage. Loaded Objects now: 2143.
Total: 6.939300 ms (FindLiveObjects: 0.424200 ms CreateObjectMapping: 0.103400 ms MarkObjects: 5.163800 ms  DeleteObjects: 1.244800 ms)

AssetImportParameters requested are different than current active one (requested -> active):
  custom:framework-win-MediaFoundation: 216162199b28c13a410421893ffa2e32 -> 
  custom:video-decoder-ogg-theora: a1e56fd34408186e4bbccfd4996cb3dc -> 
  custom:container-muxer-webm: aa71ff27fc2769a1b78a27578f13a17b -> 
  custom:container-demuxer-webm: 4f35f7cbe854078d1ac9338744f61a02 -> 
  custom:container-demuxer-ogg: 62fdf1f143b41e24485cea50d1cbac27 -> 
  custom:video-encoder-webm-vp8: eb34c28f22e8b96e1ab97ce403110664 -> 
  custom:video-decoder-webm-vp8: 9c59270c3fd7afecdb556c50c9e8de78 -> 
  custom:audio-decoder-ogg-vorbis: bf7c407c2cedff20999df2af8eb42d56 -> 
  custom:audio-encoder-webm-vorbis: bf7c407c2cedff20999df2af8eb42d56 -> 
========================================================================
Received Import Request.
  path: Assets/Grapfics/Menu Images/Load On.png
  artifactKey: Guid(44cae90563ef2154b981fb3735e01f29) Importer(815301076,1909f56bfc062723c751e8b465ee728b)
Start importing Assets/Grapfics/Menu Images/Load On.png using Guid(44cae90563ef2154b981fb3735e01f29) Importer(815301076,1909f56bfc062723c751e8b465ee728b)  -> (artifact id: '731f298ea331e8d33ea7e9c06b76acb3') in 0.518388 seconds 
  Import took 0.545489 seconds .

========================================================================
Received Import Request.
  Time since last request: 0.000419 seconds.
  path: Assets/Grapfics/Menu Images/Menu bg.png
  artifactKey: Guid(401f39db12df6ad489239cfaa0e3d988) Importer(815301076,1909f56bfc062723c751e8b465ee728b)
Start importing Assets/Grapfics/Menu Images/Menu bg.png using Guid(401f39db12df6ad489239cfaa0e3d988) Importer(815301076,1909f56bfc062723c751e8b465ee728b)  -> (artifact id: '7d1c25f740e1aaa39310cb3f7e4bca91') in 0.048156 seconds 
  Import took 0.055988 seconds .

========================================================================
Received Import Request.
  Time since last request: 0.000317 seconds.
  path: Assets/Grapfics/Menu Images/Load screen.png
  artifactKey: Guid(7ff139d77786557448a65bcda508771c) Importer(815301076,1909f56bfc062723c751e8b465ee728b)
Start importing Assets/Grapfics/Menu Images/Load screen.png using Guid(7ff139d77786557448a65bcda508771c) Importer(815301076,1909f56bfc062723c751e8b465ee728b)  -> (artifact id: 'b26db26bb6774995398dff8a372bfe3e') in 0.049029 seconds 
  Import took 0.066482 seconds .

========================================================================
Received Import Request.
  Time since last request: 0.000383 seconds.
  path: Assets/Grapfics/Menu Images/Quit off.png
  artifactKey: Guid(e97838cefc76da649872d4dc0595731c) Importer(815301076,1909f56bfc062723c751e8b465ee728b)
Start importing Assets/Grapfics/Menu Images/Quit off.png using Guid(e97838cefc76da649872d4dc0595731c) Importer(815301076,1909f56bfc062723c751e8b465ee728b)  -> (artifact id: 'fb73fb8504ff3269f9dd372a69c49992') in 0.028199 seconds 
  Import took 0.033028 seconds .

========================================================================
Received Import Request.
  Time since last request: 0.000294 seconds.
  path: Assets/Grapfics/Menu Images/New On.png
  artifactKey: Guid(65ad632678707fa45817f0da3056fa8d) Importer(815301076,1909f56bfc062723c751e8b465ee728b)
Start importing Assets/Grapfics/Menu Images/New On.png using Guid(65ad632678707fa45817f0da3056fa8d) Importer(815301076,1909f56bfc062723c751e8b465ee728b)  -> (artifact id: '3b6df254f2366bbacb547e058a580172') in 0.029178 seconds 
  Import took 0.048825 seconds .

========================================================================
Received Import Request.
  Time since last request: 0.000290 seconds.
  path: Assets/Grapfics/Menu Images/Quit On.png
  artifactKey: Guid(64da6f3ca704fd949b316327fc6a78f1) Importer(815301076,1909f56bfc062723c751e8b465ee728b)
Start importing Assets/Grapfics/Menu Images/Quit On.png using Guid(64da6f3ca704fd949b316327fc6a78f1) Importer(815301076,1909f56bfc062723c751e8b465ee728b)  -> (artifact id: '6b623a37ca6eef31933636bb8b872e01') in 0.046396 seconds 
  Import took 0.052518 seconds .

========================================================================
Received Import Request.
  Time since last request: 0.000371 seconds.
  path: Assets/Grapfics/Menu Images/Load off.png
  artifactKey: Guid(fe4456d81da0b5348bf7f2644cdd9e1f) Importer(815301076,1909f56bfc062723c751e8b465ee728b)
Start importing Assets/Grapfics/Menu Images/Load off.png using Guid(fe4456d81da0b5348bf7f2644cdd9e1f) Importer(815301076,1909f56bfc062723c751e8b465ee728b)  -> (artifact id: '5f79d4bf5dbae17bcbad2e1e7f6843f6') in 0.027411 seconds 
  Import took 0.038940 seconds .

========================================================================
Received Import Request.
  Time since last request: 0.000318 seconds.
  path: Assets/Grapfics/Menu Images/New off.png
  artifactKey: Guid(625d6417508fd424c897585572327c0f) Importer(815301076,1909f56bfc062723c751e8b465ee728b)
Start importing Assets/Grapfics/Menu Images/New off.png using Guid(625d6417508fd424c897585572327c0f) Importer(815301076,1909f56bfc062723c751e8b465ee728b)  -> (artifact id: '85f5de4c24651e94d27894a709fec7f0') in 0.027355 seconds 
  Import took 0.033440 seconds .

========================================================================
Received Import Request.
  Time since last request: 81.191305 seconds.
  path: Assets/Opening sound
  artifactKey: Guid(b33d2105b996d8c47a17f2b081c00232) Importer(815301076,1909f56bfc062723c751e8b465ee728b)
Start importing Assets/Opening sound using Guid(b33d2105b996d8c47a17f2b081c00232) Importer(815301076,1909f56bfc062723c751e8b465ee728b)  -> (artifact id: 'bbfd60f45149bd5af0ad6f07c9e9a766') in 0.032410 seconds 
  Import took 0.049740 seconds .

========================================================================
Received Import Request.
  Time since last request: 0.007345 seconds.
  path: Assets/Opening sound/Opening sound.wav
  artifactKey: Guid(45f011e7af5ebd24287e65e416d62944) Importer(815301076,1909f56bfc062723c751e8b465ee728b)
Start importing Assets/Opening sound/Opening sound.wav using Guid(45f011e7af5ebd24287e65e416d62944) Importer(815301076,1909f56bfc062723c751e8b465ee728b)  -> (artifact id: 'c282c061b2830501db1b2e1e41d9a958') in 0.483895 seconds 
  Import took 0.498928 seconds .

========================================================================
Received Import Request.
  Time since last request: 3.954933 seconds.
  path: Assets/EasyLoadingScreen
  artifactKey: Guid(327a6da89a2bb4e448abdbf40747b96a) Importer(815301076,1909f56bfc062723c751e8b465ee728b)
Start importing Assets/EasyLoadingScreen using Guid(327a6da89a2bb4e448abdbf40747b96a) Importer(815301076,1909f56bfc062723c751e8b465ee728b)  -> (artifact id: '37968f6a5b50f3714d4044cfbc608265') in 0.013242 seconds 
  Import took 0.027504 seconds .

========================================================================
Received Import Request.
  Time since last request: 2.480998 seconds.
  path: Assets/EasyLoadingScreen/Prefabs
  artifactKey: Guid(7dbc69e87ddb81945947ae4bb31e4d02) Importer(815301076,1909f56bfc062723c751e8b465ee728b)
Start importing Assets/EasyLoadingScreen/Prefabs using Guid(7dbc69e87ddb81945947ae4bb31e4d02) Importer(815301076,1909f56bfc062723c751e8b465ee728b)  -> (artifact id: '29c53405c037c2cdf793deff704fa829') in 0.012070 seconds 
  Import took 0.019957 seconds .

========================================================================
Received Import Request.
  Time since last request: 0.040680 seconds.
  path: Assets/EasyLoadingScreen/Prefabs/LoadingScreen.prefab
  artifactKey: Guid(5ebad8a41bbacbe419403ab6a0c52078) Importer(815301076,1909f56bfc062723c751e8b465ee728b)
Start importing Assets/EasyLoadingScreen/Prefabs/LoadingScreen.prefab using Guid(5ebad8a41bbacbe419403ab6a0c52078) Importer(815301076,1909f56bfc062723c751e8b465ee728b)  -> (artifact id: '943c742a84b7c5db181a8565b849e2aa') in 0.095158 seconds 
  Import took 0.114947 seconds .

========================================================================
Received Import Request.
  Time since last request: 11.291132 seconds.
  path: Assets/EasyLoadingScreen/ExampleScene
  artifactKey: Guid(1c46426dcae20bd438ce0685222346ad) Importer(815301076,1909f56bfc062723c751e8b465ee728b)
Start importing Assets/EasyLoadingScreen/ExampleScene using Guid(1c46426dcae20bd438ce0685222346ad) Importer(815301076,1909f56bfc062723c751e8b465ee728b)  -> (artifact id: 'ceab471959597522eb63a199f11c70f0') in 0.013661 seconds 
  Import took 0.037845 seconds .

========================================================================
Received Import Request.
  Time since last request: 3.245848 seconds.
  path: Assets/EasyLoadingScreen/ExampleScene/Example.unity
  artifactKey: Guid(a7121f7f158c1ad40a8949a6f07d400a) Importer(815301076,1909f56bfc062723c751e8b465ee728b)
Start importing Assets/EasyLoadingScreen/ExampleScene/Example.unity using Guid(a7121f7f158c1ad40a8949a6f07d400a) Importer(815301076,1909f56bfc062723c751e8b465ee728b)  -> (artifact id: '01edec4443feea9634277c366a52faa5') in 0.027495 seconds 
  Import took 0.050633 seconds .

========================================================================
Received Import Request.
  Time since last request: 36.300485 seconds.
  path: Assets/EasyLoadingScreen/ExampleScene/Images
  artifactKey: Guid(cfd2487e09a7c7f4b8f042c4ede29fed) Importer(815301076,1909f56bfc062723c751e8b465ee728b)
Start importing Assets/EasyLoadingScreen/ExampleScene/Images using Guid(cfd2487e09a7c7f4b8f042c4ede29fed) Importer(815301076,1909f56bfc062723c751e8b465ee728b)  -> (artifact id: '0517b6b00537438f33b1ca50802e9a9a') in 0.012997 seconds 
  Import took 0.046084 seconds .

========================================================================
Received Import Request.
  Time since last request: 0.041882 seconds.
  path: Assets/EasyLoadingScreen/ExampleScene/Images/1.png
  artifactKey: Guid(250a5c4980dfad041b2848b164fd9d3f) Importer(815301076,1909f56bfc062723c751e8b465ee728b)
Start importing Assets/EasyLoadingScreen/ExampleScene/Images/1.png using Guid(250a5c4980dfad041b2848b164fd9d3f) Importer(815301076,1909f56bfc062723c751e8b465ee728b)  -> (artifact id: '98a78b098f55239d31b35651c9c0640c') in 0.084407 seconds 
  Import took 0.109309 seconds .

========================================================================
Received Import Request.
  Time since last request: 0.000346 seconds.
  path: Assets/EasyLoadingScreen/ExampleScene/Images/3.png
  artifactKey: Guid(88062eb6686b51a42b954c1d509241ff) Importer(815301076,1909f56bfc062723c751e8b465ee728b)
Start importing Assets/EasyLoadingScreen/ExampleScene/Images/3.png using Guid(88062eb6686b51a42b954c1d509241ff) Importer(815301076,1909f56bfc062723c751e8b465ee728b)  -> (artifact id: 'e60bc52ed3aff293fd35e84fb7e947ab') in 0.077034 seconds 
  Import took 0.095114 seconds .

========================================================================
Received Import Request.
  Time since last request: 0.000333 seconds.
  path: Assets/EasyLoadingScreen/ExampleScene/Images/4.png
  artifactKey: Guid(db0e3c343eb6c9241b3d688abf6c35f3) Importer(815301076,1909f56bfc062723c751e8b465ee728b)
Start importing Assets/EasyLoadingScreen/ExampleScene/Images/4.png using Guid(db0e3c343eb6c9241b3d688abf6c35f3) Importer(815301076,1909f56bfc062723c751e8b465ee728b)  -> (artifact id: 'af5f7b7f4c95c438f8a003bf91d47c54') in 0.050081 seconds 
  Import took 0.054741 seconds .

========================================================================
Received Import Request.
  Time since last request: 0.000351 seconds.
  path: Assets/EasyLoadingScreen/ExampleScene/Images/2.png
  artifactKey: Guid(68eae9a6c9509254dac31ab674522033) Importer(815301076,1909f56bfc062723c751e8b465ee728b)
Start importing Assets/EasyLoadingScreen/ExampleScene/Images/2.png using Guid(68eae9a6c9509254dac31ab674522033) Importer(815301076,1909f56bfc062723c751e8b465ee728b)  -> (artifact id: 'a209eba923910aa9d23c169d508bf66d') in 0.052497 seconds 
  Import took 0.059591 seconds .

========================================================================
Received Import Request.
  Time since last request: 11.512263 seconds.
  path: Assets/Grapfics
  artifactKey: Guid(49a317e36056199479f7fbccfbfac422) Importer(815301076,1909f56bfc062723c751e8b465ee728b)
Start importing Assets/Grapfics using Guid(49a317e36056199479f7fbccfbfac422) Importer(815301076,1909f56bfc062723c751e8b465ee728b)  -> (artifact id: '18f5de6afc3d5075bee4a2eb07945454') in 0.022491 seconds 
  Import took 0.043435 seconds .

========================================================================
Received Import Request.
  Time since last request: 0.040784 seconds.
  path: Assets/Grapfics/AppleIcon.png
  artifactKey: Guid(a030ebbd9f0be804d8008f5190094876) Importer(815301076,1909f56bfc062723c751e8b465ee728b)
Start importing Assets/Grapfics/AppleIcon.png using Guid(a030ebbd9f0be804d8008f5190094876) Importer(815301076,1909f56bfc062723c751e8b465ee728b)  -> (artifact id: '5dc4b3c2fc471e29f92f16cac344a7b4') in 0.055912 seconds 
  Import took 0.082430 seconds .

========================================================================
Received Import Request.
  Time since last request: 0.000419 seconds.
  path: Assets/Grapfics/FlashlightCookie.tif
  artifactKey: Guid(4edbd68d0662e7346a2626d034a07941) Importer(815301076,1909f56bfc062723c751e8b465ee728b)
Start importing Assets/Grapfics/FlashlightCookie.tif using Guid(4edbd68d0662e7346a2626d034a07941) Importer(815301076,1909f56bfc062723c751e8b465ee728b)  -> (artifact id: '5941a5cab04c720a0ad98192aca45f77') in 0.117835 seconds 
  Import took 0.123157 seconds .

========================================================================
Received Import Request.
  Time since last request: 0.000348 seconds.
  path: Assets/Grapfics/LHLights.mat
  artifactKey: Guid(8ad8d9bae0322a74bb7f814c41b1099b) Importer(815301076,1909f56bfc062723c751e8b465ee728b)
Start importing Assets/Grapfics/LHLights.mat using Guid(8ad8d9bae0322a74bb7f814c41b1099b) Importer(815301076,1909f56bfc062723c751e8b465ee728b)  -> (artifact id: '70d417b578269920e7bec3998cd31cdb') in 0.589943 seconds 
  Import took 0.594751 seconds .

========================================================================
Received Import Request.
  Time since last request: 0.000573 seconds.
  path: Assets/Grapfics/GunUI.png
  artifactKey: Guid(23a78fcc954e35541ab999214b3dd57a) Importer(815301076,1909f56bfc062723c751e8b465ee728b)
Start importing Assets/Grapfics/GunUI.png using Guid(23a78fcc954e35541ab999214b3dd57a) Importer(815301076,1909f56bfc062723c751e8b465ee728b)  -> (artifact id: '796be1e3bae57c93b330ce683d04efd2') in 0.062708 seconds 
  Import took 0.067279 seconds .

========================================================================
Received Import Request.
  Time since last request: 0.000334 seconds.
  path: Assets/Grapfics/Gun.png
  artifactKey: Guid(59c37149dd7c81c478716ecc3d4d504b) Importer(815301076,1909f56bfc062723c751e8b465ee728b)
Start importing Assets/Grapfics/Gun.png using Guid(59c37149dd7c81c478716ecc3d4d504b) Importer(815301076,1909f56bfc062723c751e8b465ee728b)  -> (artifact id: 'f364487fa51877cce3d9727c10a3d9cb') in 0.050294 seconds 
  Import took 0.055940 seconds .

========================================================================
Received Import Request.
  Time since last request: 0.000298 seconds.
  path: Assets/Grapfics/Axe.png
  artifactKey: Guid(289c1f1299847a94f927589255b13d5c) Importer(815301076,1909f56bfc062723c751e8b465ee728b)
Start importing Assets/Grapfics/Axe.png using Guid(289c1f1299847a94f927589255b13d5c) Importer(815301076,1909f56bfc062723c751e8b465ee728b)  -> (artifact id: '34945574be6a3b7fc9d7d1447b5097a3') in 0.049262 seconds 
  Import took 0.054879 seconds .

========================================================================
Received Import Request.
  Time since last request: 0.000347 seconds.
  path: Assets/Grapfics/CrossBowUI.png
  artifactKey: Guid(5046eb6584c99484f9a70a08de9cbb8c) Importer(815301076,1909f56bfc062723c751e8b465ee728b)
Start importing Assets/Grapfics/CrossBowUI.png using Guid(5046eb6584c99484f9a70a08de9cbb8c) Importer(815301076,1909f56bfc062723c751e8b465ee728b)  -> (artifact id: '217616179896cd15fa0bdd6b9c456486') in 0.046284 seconds 
  Import took 0.068874 seconds .

========================================================================
Received Import Request.
  Time since last request: 0.000312 seconds.
  path: Assets/Grapfics/Bat.png
  artifactKey: Guid(2bf42fe4853fb7d408915573d3a15650) Importer(815301076,1909f56bfc062723c751e8b465ee728b)
Start importing Assets/Grapfics/Bat.png using Guid(2bf42fe4853fb7d408915573d3a15650) Importer(815301076,1909f56bfc062723c751e8b465ee728b)  -> (artifact id: '2c64825c17526fade88661004572a3c1') in 0.050981 seconds 
  Import took 0.074953 seconds .

========================================================================
Received Import Request.
  Time since last request: 0.000350 seconds.
  path: Assets/Grapfics/Crossbow.png
  artifactKey: Guid(8adf1e12b9a3b5f4390b614faf2d9455) Importer(815301076,1909f56bfc062723c751e8b465ee728b)
Start importing Assets/Grapfics/Crossbow.png using Guid(8adf1e12b9a3b5f4390b614faf2d9455) Importer(815301076,1909f56bfc062723c751e8b465ee728b)  -> (artifact id: 'ccfd9c6d6a1828f3dd6e3f1ac506a200') in 0.037993 seconds 
  Import took 0.049384 seconds .

========================================================================
Received Import Request.
  Time since last request: 0.000336 seconds.
  path: Assets/Grapfics/Knife.png
  artifactKey: Guid(a9af65510e468cf4aac2defc201b4b9e) Importer(815301076,1909f56bfc062723c751e8b465ee728b)
Start importing Assets/Grapfics/Knife.png using Guid(a9af65510e468cf4aac2defc201b4b9e) Importer(815301076,1909f56bfc062723c751e8b465ee728b)  -> (artifact id: '2814cf16af1801d084eb2a0f99b908a9') in 0.049787 seconds 
  Import took 0.054750 seconds .

========================================================================
Received Import Request.
  Time since last request: 0.000426 seconds.
  path: Assets/Grapfics/Pointer.png
  artifactKey: Guid(714d4253809a0ed4d81091d0472ef4f2) Importer(815301076,1909f56bfc062723c751e8b465ee728b)
Start importing Assets/Grapfics/Pointer.png using Guid(714d4253809a0ed4d81091d0472ef4f2) Importer(815301076,1909f56bfc062723c751e8b465ee728b)  -> (artifact id: 'd79562a8c7eaa02200b2073cd3b3dd7f') in 0.043949 seconds 
  Import took 0.049144 seconds .

========================================================================
Received Import Request.
  Time since last request: 0.000398 seconds.
  path: Assets/Grapfics/Night vision overlay.png
  artifactKey: Guid(0e4922aafaa0a004bab35062d3a776f1) Importer(815301076,1909f56bfc062723c751e8b465ee728b)
Start importing Assets/Grapfics/Night vision overlay.png using Guid(0e4922aafaa0a004bab35062d3a776f1) Importer(815301076,1909f56bfc062723c751e8b465ee728b)  -> (artifact id: '0b984aa46c48e11337a85e079a02bc3c') in 0.150385 seconds 
  Import took 0.171732 seconds .

========================================================================
Received Import Request.
  Time since last request: 0.000317 seconds.
  path: Assets/Grapfics/Crosshair.png
  artifactKey: Guid(406087c969347d147a556e8ce4b436c6) Importer(815301076,1909f56bfc062723c751e8b465ee728b)
Start importing Assets/Grapfics/Crosshair.png using Guid(406087c969347d147a556e8ce4b436c6) Importer(815301076,1909f56bfc062723c751e8b465ee728b)  -> (artifact id: '08b8932911029a1becd3263e5b7f53aa') in 0.070745 seconds 
  Import took 0.087426 seconds .

========================================================================
Received Import Request.
  Time since last request: 0.000327 seconds.
  path: Assets/Grapfics/GUI battery.png
  artifactKey: Guid(516d16d0019b3e54d88f7ba3cd5c08be) Importer(815301076,1909f56bfc062723c751e8b465ee728b)
Start importing Assets/Grapfics/GUI battery.png using Guid(516d16d0019b3e54d88f7ba3cd5c08be) Importer(815301076,1909f56bfc062723c751e8b465ee728b)  -> (artifact id: '45b6f683be6f45deb4cf53b4e0dd4b17') in 0.045717 seconds 
  Import took 0.050495 seconds .

========================================================================
Received Import Request.
  Time since last request: 0.000317 seconds.
  path: Assets/Grapfics/InventoryBG.png
  artifactKey: Guid(28d470e6a62e3ae4d8290d644c72c732) Importer(815301076,1909f56bfc062723c751e8b465ee728b)
Start importing Assets/Grapfics/InventoryBG.png using Guid(28d470e6a62e3ae4d8290d644c72c732) Importer(815301076,1909f56bfc062723c751e8b465ee728b)  -> (artifact id: '1ad9a027c5e2533172f8a29ce042d28f') in 0.158491 seconds 
  Import took 0.179095 seconds .

========================================================================
Received Import Request.
  Time since last request: 0.302073 seconds.
  path: Assets/Grapfics/Menu Images
  artifactKey: Guid(6c089108cb3d3ed4fbc15b9af1637a80) Importer(815301076,1909f56bfc062723c751e8b465ee728b)
Start importing Assets/Grapfics/Menu Images using Guid(6c089108cb3d3ed4fbc15b9af1637a80) Importer(815301076,1909f56bfc062723c751e8b465ee728b)  -> (artifact id: 'd7a7193f80d426fa9fa0445d22769a91') in 0.015095 seconds 
  Import took 0.019888 seconds .

========================================================================
Received Prepare
Registering precompiled user dll's ...
Registered in 0.004154 seconds.
Begin MonoManager ReloadAssembly
Native extension for WindowsStandalone target not found
Refreshing native plugins compatible for Editor in 1.74 ms, found 2 plugins.
Preloading 0 native plugins for Editor in 0.00 ms.
Mono: successfully reloaded assembly
- Completed reload, in  2.244 seconds
Domain Reload Profiling:
	ReloadAssembly (2245ms)
		BeginReloadAssembly (224ms)
			ExecutionOrderSort (0ms)
			DisableScriptedObjects (8ms)
			BackupInstance (0ms)
			ReleaseScriptingObjects (0ms)
			CreateAndSetChildDomain (65ms)
		EndReloadAssembly (1877ms)
			LoadAssemblies (185ms)
			RebuildTransferFunctionScriptingTraits (0ms)
			SetupTypeCache (716ms)
			ReleaseScriptCaches (1ms)
			RebuildScriptCaches (89ms)
			SetupLoadedEditorAssemblies (648ms)
				LogAssemblyErrors (0ms)
				InitializePlatformSupportModulesInManaged (11ms)
				SetLoadedEditorAssemblies (2ms)
				RefreshPlugins (2ms)
				BeforeProcessingInitializeOnLoad (155ms)
				ProcessInitializeOnLoadAttributes (454ms)
				ProcessInitializeOnLoadMethodAttributes (9ms)
				AfterProcessingInitializeOnLoad (15ms)
				EditorAssembliesLoaded (0ms)
			ExecutionOrderSort2 (0ms)
			AwakeInstancesAfterBackupRestoration (13ms)
Platform modules already initialized, skipping
Refreshing native plugins compatible for Editor in 0.92 ms, found 2 plugins.
Preloading 0 native plugins for Editor in 0.00 ms.
Unloading 1625 Unused Serialized files (Serialized files now loaded: 0)
System memory in use before: 102.4 MB.
System memory in use after: 101.5 MB.

Unloading 18 unused Assets to reduce memory usage. Loaded Objects now: 2223.
Total: 6.867200 ms (FindLiveObjects: 0.459400 ms CreateObjectMapping: 0.114400 ms MarkObjects: 5.104100 ms  DeleteObjects: 1.186100 ms)

AssetImportParameters requested are different than current active one (requested -> active):
  custom:framework-win-MediaFoundation: 216162199b28c13a410421893ffa2e32 -> 
  custom:video-decoder-ogg-theora: a1e56fd34408186e4bbccfd4996cb3dc -> 
  custom:container-muxer-webm: aa71ff27fc2769a1b78a27578f13a17b -> 
  custom:container-demuxer-webm: 4f35f7cbe854078d1ac9338744f61a02 -> 
  custom:container-demuxer-ogg: 62fdf1f143b41e24485cea50d1cbac27 -> 
  custom:video-encoder-webm-vp8: eb34c28f22e8b96e1ab97ce403110664 -> 
  custom:video-decoder-webm-vp8: 9c59270c3fd7afecdb556c50c9e8de78 -> 
  custom:audio-decoder-ogg-vorbis: bf7c407c2cedff20999df2af8eb42d56 -> 
  custom:audio-encoder-webm-vorbis: bf7c407c2cedff20999df2af8eb42d56 -> 
========================================================================
Received Prepare
Registering precompiled user dll's ...
Registered in 0.004112 seconds.
Begin MonoManager ReloadAssembly
Native extension for WindowsStandalone target not found
Refreshing native plugins compatible for Editor in 0.92 ms, found 2 plugins.
Preloading 0 native plugins for Editor in 0.00 ms.
Mono: successfully reloaded assembly
- Completed reload, in  2.152 seconds
Domain Reload Profiling:
	ReloadAssembly (2153ms)
		BeginReloadAssembly (240ms)
			ExecutionOrderSort (0ms)
			DisableScriptedObjects (9ms)
			BackupInstance (0ms)
			ReleaseScriptingObjects (0ms)
			CreateAndSetChildDomain (68ms)
		EndReloadAssembly (1768ms)
			LoadAssemblies (204ms)
			RebuildTransferFunctionScriptingTraits (0ms)
			SetupTypeCache (717ms)
			ReleaseScriptCaches (1ms)
			RebuildScriptCaches (80ms)
			SetupLoadedEditorAssemblies (595ms)
				LogAssemblyErrors (0ms)
				InitializePlatformSupportModulesInManaged (10ms)
				SetLoadedEditorAssemblies (1ms)
				RefreshPlugins (1ms)
				BeforeProcessingInitializeOnLoad (143ms)
				ProcessInitializeOnLoadAttributes (418ms)
				ProcessInitializeOnLoadMethodAttributes (7ms)
				AfterProcessingInitializeOnLoad (15ms)
				EditorAssembliesLoaded (0ms)
			ExecutionOrderSort2 (0ms)
			AwakeInstancesAfterBackupRestoration (14ms)
Platform modules already initialized, skipping
Refreshing native plugins compatible for Editor in 1.10 ms, found 2 plugins.
Preloading 0 native plugins for Editor in 0.00 ms.
Unloading 1625 Unused Serialized files (Serialized files now loaded: 0)
System memory in use before: 102.5 MB.
System memory in use after: 101.6 MB.

Unloading 16 unused Assets to reduce memory usage. Loaded Objects now: 2225.
Total: 6.936500 ms (FindLiveObjects: 0.423300 ms CreateObjectMapping: 0.099600 ms MarkObjects: 4.985100 ms  DeleteObjects: 1.426400 ms)

AssetImportParameters requested are different than current active one (requested -> active):
  custom:framework-win-MediaFoundation: 216162199b28c13a410421893ffa2e32 -> 
  custom:video-decoder-ogg-theora: a1e56fd34408186e4bbccfd4996cb3dc -> 
  custom:container-muxer-webm: aa71ff27fc2769a1b78a27578f13a17b -> 
  custom:container-demuxer-webm: 4f35f7cbe854078d1ac9338744f61a02 -> 
  custom:container-demuxer-ogg: 62fdf1f143b41e24485cea50d1cbac27 -> 
  custom:video-encoder-webm-vp8: eb34c28f22e8b96e1ab97ce403110664 -> 
  custom:video-decoder-webm-vp8: 9c59270c3fd7afecdb556c50c9e8de78 -> 
  custom:audio-decoder-ogg-vorbis: bf7c407c2cedff20999df2af8eb42d56 -> 
  custom:audio-encoder-webm-vorbis: bf7c407c2cedff20999df2af8eb42d56 -> 
========================================================================
Received Prepare
Registering precompiled user dll's ...
Registered in 0.013765 seconds.
Begin MonoManager ReloadAssembly
Native extension for WindowsStandalone target not found
Refreshing native plugins compatible for Editor in 1.71 ms, found 2 plugins.
Preloading 0 native plugins for Editor in 0.00 ms.
Mono: successfully reloaded assembly
- Completed reload, in  2.591 seconds
Domain Reload Profiling:
	ReloadAssembly (2592ms)
		BeginReloadAssembly (465ms)
			ExecutionOrderSort (0ms)
			DisableScriptedObjects (8ms)
			BackupInstance (0ms)
			ReleaseScriptingObjects (0ms)
			CreateAndSetChildDomain (76ms)
		EndReloadAssembly (1881ms)
			LoadAssemblies (378ms)
			RebuildTransferFunctionScriptingTraits (0ms)
			SetupTypeCache (609ms)
			ReleaseScriptCaches (1ms)
			RebuildScriptCaches (106ms)
			SetupLoadedEditorAssemblies (699ms)
				LogAssemblyErrors (0ms)
				InitializePlatformSupportModulesInManaged (12ms)
				SetLoadedEditorAssemblies (2ms)
				RefreshPlugins (2ms)
				BeforeProcessingInitializeOnLoad (212ms)
				ProcessInitializeOnLoadAttributes (444ms)
				ProcessInitializeOnLoadMethodAttributes (6ms)
				AfterProcessingInitializeOnLoad (18ms)
				EditorAssembliesLoaded (2ms)
			ExecutionOrderSort2 (0ms)
			AwakeInstancesAfterBackupRestoration (14ms)
Platform modules already initialized, skipping
Refreshing native plugins compatible for Editor in 1.22 ms, found 2 plugins.
Preloading 0 native plugins for Editor in 0.00 ms.
Unloading 1625 Unused Serialized files (Serialized files now loaded: 0)
System memory in use before: 102.5 MB.
System memory in use after: 101.6 MB.

Unloading 16 unused Assets to reduce memory usage. Loaded Objects now: 2227.
Total: 10.378300 ms (FindLiveObjects: 0.476100 ms CreateObjectMapping: 0.107800 ms MarkObjects: 7.217800 ms  DeleteObjects: 2.572600 ms)

AssetImportParameters requested are different than current active one (requested -> active):
  custom:framework-win-MediaFoundation: 216162199b28c13a410421893ffa2e32 -> 
  custom:video-decoder-ogg-theora: a1e56fd34408186e4bbccfd4996cb3dc -> 
  custom:container-muxer-webm: aa71ff27fc2769a1b78a27578f13a17b -> 
  custom:container-demuxer-webm: 4f35f7cbe854078d1ac9338744f61a02 -> 
  custom:container-demuxer-ogg: 62fdf1f143b41e24485cea50d1cbac27 -> 
  custom:video-encoder-webm-vp8: eb34c28f22e8b96e1ab97ce403110664 -> 
  custom:video-decoder-webm-vp8: 9c59270c3fd7afecdb556c50c9e8de78 -> 
  custom:audio-decoder-ogg-vorbis: bf7c407c2cedff20999df2af8eb42d56 -> 
  custom:audio-encoder-webm-vorbis: bf7c407c2cedff20999df2af8eb42d56 -> 
========================================================================
Received Prepare
Registering precompiled user dll's ...
Registered in 0.021163 seconds.
Begin MonoManager ReloadAssembly
Native extension for WindowsStandalone target not found
Refreshing native plugins compatible for Editor in 0.95 ms, found 2 plugins.
Preloading 0 native plugins for Editor in 0.00 ms.
Mono: successfully reloaded assembly
- Completed reload, in  2.548 seconds
Domain Reload Profiling:
	ReloadAssembly (2549ms)
		BeginReloadAssembly (252ms)
			ExecutionOrderSort (0ms)
			DisableScriptedObjects (12ms)
			BackupInstance (0ms)
			ReleaseScriptingObjects (0ms)
			CreateAndSetChildDomain (74ms)
		EndReloadAssembly (1971ms)
			LoadAssemblies (278ms)
			RebuildTransferFunctionScriptingTraits (0ms)
			SetupTypeCache (660ms)
			ReleaseScriptCaches (1ms)
			RebuildScriptCaches (95ms)
			SetupLoadedEditorAssemblies (731ms)
				LogAssemblyErrors (0ms)
				InitializePlatformSupportModulesInManaged (11ms)
				SetLoadedEditorAssemblies (1ms)
				RefreshPlugins (1ms)
				BeforeProcessingInitializeOnLoad (236ms)
				ProcessInitializeOnLoadAttributes (459ms)
				ProcessInitializeOnLoadMethodAttributes (7ms)
				AfterProcessingInitializeOnLoad (16ms)
				EditorAssembliesLoaded (0ms)
			ExecutionOrderSort2 (0ms)
			AwakeInstancesAfterBackupRestoration (15ms)
Platform modules already initialized, skipping
Refreshing native plugins compatible for Editor in 1.03 ms, found 2 plugins.
Preloading 0 native plugins for Editor in 0.00 ms.
Unloading 1625 Unused Serialized files (Serialized files now loaded: 0)
System memory in use before: 102.5 MB.
System memory in use after: 101.6 MB.

Unloading 16 unused Assets to reduce memory usage. Loaded Objects now: 2229.
Total: 9.006200 ms (FindLiveObjects: 0.380500 ms CreateObjectMapping: 0.096800 ms MarkObjects: 7.215200 ms  DeleteObjects: 1.311200 ms)

AssetImportParameters requested are different than current active one (requested -> active):
  custom:framework-win-MediaFoundation: 216162199b28c13a410421893ffa2e32 -> 
  custom:video-decoder-ogg-theora: a1e56fd34408186e4bbccfd4996cb3dc -> 
  custom:container-muxer-webm: aa71ff27fc2769a1b78a27578f13a17b -> 
  custom:container-demuxer-webm: 4f35f7cbe854078d1ac9338744f61a02 -> 
  custom:container-demuxer-ogg: 62fdf1f143b41e24485cea50d1cbac27 -> 
  custom:video-encoder-webm-vp8: eb34c28f22e8b96e1ab97ce403110664 -> 
  custom:video-decoder-webm-vp8: 9c59270c3fd7afecdb556c50c9e8de78 -> 
  custom:audio-decoder-ogg-vorbis: bf7c407c2cedff20999df2af8eb42d56 -> 
  custom:audio-encoder-webm-vorbis: bf7c407c2cedff20999df2af8eb42d56 -> 
========================================================================
Received Prepare
Registering precompiled user dll's ...
Registered in 0.007192 seconds.
Begin MonoManager ReloadAssembly
Native extension for WindowsStandalone target not found
Refreshing native plugins compatible for Editor in 1.22 ms, found 2 plugins.
Preloading 0 native plugins for Editor in 0.00 ms.
Mono: successfully reloaded assembly
- Completed reload, in  2.210 seconds
Domain Reload Profiling:
	ReloadAssembly (2210ms)
		BeginReloadAssembly (227ms)
			ExecutionOrderSort (0ms)
			DisableScriptedObjects (11ms)
			BackupInstance (0ms)
			ReleaseScriptingObjects (0ms)
			CreateAndSetChildDomain (61ms)
		EndReloadAssembly (1830ms)
			LoadAssemblies (191ms)
			RebuildTransferFunctionScriptingTraits (0ms)
			SetupTypeCache (754ms)
			ReleaseScriptCaches (1ms)
			RebuildScriptCaches (84ms)
			SetupLoadedEditorAssemblies (588ms)
				LogAssemblyErrors (0ms)
				InitializePlatformSupportModulesInManaged (11ms)
				SetLoadedEditorAssemblies (1ms)
				RefreshPlugins (1ms)
				BeforeProcessingInitializeOnLoad (160ms)
				ProcessInitializeOnLoadAttributes (391ms)
				ProcessInitializeOnLoadMethodAttributes (7ms)
				AfterProcessingInitializeOnLoad (16ms)
				EditorAssembliesLoaded (1ms)
			ExecutionOrderSort2 (0ms)
			AwakeInstancesAfterBackupRestoration (14ms)
Platform modules already initialized, skipping
Refreshing native plugins compatible for Editor in 5.07 ms, found 2 plugins.
Preloading 0 native plugins for Editor in 0.00 ms.
Unloading 1625 Unused Serialized files (Serialized files now loaded: 0)
System memory in use before: 102.5 MB.
System memory in use after: 101.6 MB.

Unloading 16 unused Assets to reduce memory usage. Loaded Objects now: 2231.
Total: 6.936800 ms (FindLiveObjects: 0.607200 ms CreateObjectMapping: 0.243100 ms MarkObjects: 4.589100 ms  DeleteObjects: 1.494000 ms)

AssetImportParameters requested are different than current active one (requested -> active):
  custom:framework-win-MediaFoundation: 216162199b28c13a410421893ffa2e32 -> 
  custom:video-decoder-ogg-theora: a1e56fd34408186e4bbccfd4996cb3dc -> 
  custom:container-muxer-webm: aa71ff27fc2769a1b78a27578f13a17b -> 
  custom:container-demuxer-webm: 4f35f7cbe854078d1ac9338744f61a02 -> 
  custom:container-demuxer-ogg: 62fdf1f143b41e24485cea50d1cbac27 -> 
  custom:video-encoder-webm-vp8: eb34c28f22e8b96e1ab97ce403110664 -> 
  custom:video-decoder-webm-vp8: 9c59270c3fd7afecdb556c50c9e8de78 -> 
  custom:audio-decoder-ogg-vorbis: bf7c407c2cedff20999df2af8eb42d56 -> 
  custom:audio-encoder-webm-vorbis: bf7c407c2cedff20999df2af8eb42d56 -> 
========================================================================
Received Prepare
Registering precompiled user dll's ...
Registered in 0.004064 seconds.
Begin MonoManager ReloadAssembly
Native extension for WindowsStandalone target not found
Refreshing native plugins compatible for Editor in 0.92 ms, found 2 plugins.
Preloading 0 native plugins for Editor in 0.00 ms.
Mono: successfully reloaded assembly
- Completed reload, in  2.645 seconds
Domain Reload Profiling:
	ReloadAssembly (2645ms)
		BeginReloadAssembly (242ms)
			ExecutionOrderSort (0ms)
			DisableScriptedObjects (10ms)
			BackupInstance (0ms)
			ReleaseScriptingObjects (0ms)
			CreateAndSetChildDomain (69ms)
		EndReloadAssembly (2231ms)
			LoadAssemblies (208ms)
			RebuildTransferFunctionScriptingTraits (0ms)
			SetupTypeCache (1015ms)
			ReleaseScriptCaches (2ms)
			RebuildScriptCaches (95ms)
			SetupLoadedEditorAssemblies (704ms)
				LogAssemblyErrors (0ms)
				InitializePlatformSupportModulesInManaged (12ms)
				SetLoadedEditorAssemblies (1ms)
				RefreshPlugins (1ms)
				BeforeProcessingInitializeOnLoad (161ms)
				ProcessInitializeOnLoadAttributes (497ms)
				ProcessInitializeOnLoadMethodAttributes (13ms)
				AfterProcessingInitializeOnLoad (20ms)
				EditorAssembliesLoaded (0ms)
			ExecutionOrderSort2 (0ms)
			AwakeInstancesAfterBackupRestoration (18ms)
Platform modules already initialized, skipping
Refreshing native plugins compatible for Editor in 1.06 ms, found 2 plugins.
Preloading 0 native plugins for Editor in 0.00 ms.
Unloading 1625 Unused Serialized files (Serialized files now loaded: 0)
System memory in use before: 102.5 MB.
System memory in use after: 101.6 MB.

Unloading 16 unused Assets to reduce memory usage. Loaded Objects now: 2233.
Total: 10.723900 ms (FindLiveObjects: 0.463200 ms CreateObjectMapping: 0.104400 ms MarkObjects: 6.914900 ms  DeleteObjects: 3.238700 ms)

AssetImportParameters requested are different than current active one (requested -> active):
  custom:framework-win-MediaFoundation: 216162199b28c13a410421893ffa2e32 -> 
  custom:video-decoder-ogg-theora: a1e56fd34408186e4bbccfd4996cb3dc -> 
  custom:container-muxer-webm: aa71ff27fc2769a1b78a27578f13a17b -> 
  custom:container-demuxer-webm: 4f35f7cbe854078d1ac9338744f61a02 -> 
  custom:container-demuxer-ogg: 62fdf1f143b41e24485cea50d1cbac27 -> 
  custom:video-encoder-webm-vp8: eb34c28f22e8b96e1ab97ce403110664 -> 
  custom:video-decoder-webm-vp8: 9c59270c3fd7afecdb556c50c9e8de78 -> 
  custom:audio-decoder-ogg-vorbis: bf7c407c2cedff20999df2af8eb42d56 -> 
  custom:audio-encoder-webm-vorbis: bf7c407c2cedff20999df2af8eb42d56 -> 
========================================================================
Received Prepare
Registering precompiled user dll's ...
Registered in 0.010743 seconds.
Begin MonoManager ReloadAssembly
Native extension for WindowsStandalone target not found
Refreshing native plugins compatible for Editor in 0.98 ms, found 2 plugins.
Preloading 0 native plugins for Editor in 0.00 ms.
Mono: successfully reloaded assembly
- Completed reload, in  2.313 seconds
Domain Reload Profiling:
	ReloadAssembly (2314ms)
		BeginReloadAssembly (219ms)
			ExecutionOrderSort (0ms)
			DisableScriptedObjects (9ms)
			BackupInstance (0ms)
			ReleaseScriptingObjects (0ms)
			CreateAndSetChildDomain (63ms)
		EndReloadAssembly (1944ms)
			LoadAssemblies (203ms)
			RebuildTransferFunctionScriptingTraits (0ms)
			SetupTypeCache (875ms)
			ReleaseScriptCaches (2ms)
			RebuildScriptCaches (98ms)
			SetupLoadedEditorAssemblies (564ms)
				LogAssemblyErrors (0ms)
				InitializePlatformSupportModulesInManaged (9ms)
				SetLoadedEditorAssemblies (1ms)
				RefreshPlugins (1ms)
				BeforeProcessingInitializeOnLoad (142ms)
				ProcessInitializeOnLoadAttributes (386ms)
				ProcessInitializeOnLoadMethodAttributes (9ms)
				AfterProcessingInitializeOnLoad (15ms)
				EditorAssembliesLoaded (0ms)
			ExecutionOrderSort2 (0ms)
			AwakeInstancesAfterBackupRestoration (14ms)
Platform modules already initialized, skipping
Refreshing native plugins compatible for Editor in 1.02 ms, found 2 plugins.
Preloading 0 native plugins for Editor in 0.00 ms.
Unloading 1625 Unused Serialized files (Serialized files now loaded: 0)
System memory in use before: 102.5 MB.
System memory in use after: 101.6 MB.

Unloading 16 unused Assets to reduce memory usage. Loaded Objects now: 2235.
Total: 6.535600 ms (FindLiveObjects: 0.385400 ms CreateObjectMapping: 0.099000 ms MarkObjects: 4.573000 ms  DeleteObjects: 1.475800 ms)

AssetImportParameters requested are different than current active one (requested -> active):
  custom:framework-win-MediaFoundation: 216162199b28c13a410421893ffa2e32 -> 
  custom:video-decoder-ogg-theora: a1e56fd34408186e4bbccfd4996cb3dc -> 
  custom:container-muxer-webm: aa71ff27fc2769a1b78a27578f13a17b -> 
  custom:container-demuxer-webm: 4f35f7cbe854078d1ac9338744f61a02 -> 
  custom:container-demuxer-ogg: 62fdf1f143b41e24485cea50d1cbac27 -> 
  custom:video-encoder-webm-vp8: eb34c28f22e8b96e1ab97ce403110664 -> 
  custom:video-decoder-webm-vp8: 9c59270c3fd7afecdb556c50c9e8de78 -> 
  custom:audio-decoder-ogg-vorbis: bf7c407c2cedff20999df2af8eb42d56 -> 
  custom:audio-encoder-webm-vorbis: bf7c407c2cedff20999df2af8eb42d56 -> 
========================================================================
Received Prepare
Registering precompiled user dll's ...
Registered in 0.009828 seconds.
Begin MonoManager ReloadAssembly
Native extension for WindowsStandalone target not found
Refreshing native plugins compatible for Editor in 1.07 ms, found 2 plugins.
Preloading 0 native plugins for Editor in 0.00 ms.
Mono: successfully reloaded assembly
- Completed reload, in  2.502 seconds
Domain Reload Profiling:
	ReloadAssembly (2503ms)
		BeginReloadAssembly (278ms)
			ExecutionOrderSort (0ms)
			DisableScriptedObjects (11ms)
			BackupInstance (0ms)
			ReleaseScriptingObjects (0ms)
			CreateAndSetChildDomain (74ms)
		EndReloadAssembly (2060ms)
			LoadAssemblies (244ms)
			RebuildTransferFunctionScriptingTraits (0ms)
			SetupTypeCache (786ms)
			ReleaseScriptCaches (3ms)
			RebuildScriptCaches (95ms)
			SetupLoadedEditorAssemblies (683ms)
				LogAssemblyErrors (0ms)
				InitializePlatformSupportModulesInManaged (10ms)
				SetLoadedEditorAssemblies (1ms)
				RefreshPlugins (1ms)
				BeforeProcessingInitializeOnLoad (158ms)
				ProcessInitializeOnLoadAttributes (490ms)
				ProcessInitializeOnLoadMethodAttributes (7ms)
				AfterProcessingInitializeOnLoad (15ms)
				EditorAssembliesLoaded (0ms)
			ExecutionOrderSort2 (0ms)
			AwakeInstancesAfterBackupRestoration (14ms)
Platform modules already initialized, skipping
Refreshing native plugins compatible for Editor in 1.02 ms, found 2 plugins.
Preloading 0 native plugins for Editor in 0.00 ms.
Unloading 1625 Unused Serialized files (Serialized files now loaded: 0)
System memory in use before: 102.5 MB.
System memory in use after: 101.6 MB.

Unloading 16 unused Assets to reduce memory usage. Loaded Objects now: 2237.
Total: 7.574000 ms (FindLiveObjects: 0.387100 ms CreateObjectMapping: 0.096300 ms MarkObjects: 5.915400 ms  DeleteObjects: 1.172800 ms)

AssetImportParameters requested are different than current active one (requested -> active):
  custom:framework-win-MediaFoundation: 216162199b28c13a410421893ffa2e32 -> 
  custom:video-decoder-ogg-theora: a1e56fd34408186e4bbccfd4996cb3dc -> 
  custom:container-muxer-webm: aa71ff27fc2769a1b78a27578f13a17b -> 
  custom:container-demuxer-webm: 4f35f7cbe854078d1ac9338744f61a02 -> 
  custom:container-demuxer-ogg: 62fdf1f143b41e24485cea50d1cbac27 -> 
  custom:video-encoder-webm-vp8: eb34c28f22e8b96e1ab97ce403110664 -> 
  custom:video-decoder-webm-vp8: 9c59270c3fd7afecdb556c50c9e8de78 -> 
  custom:audio-decoder-ogg-vorbis: bf7c407c2cedff20999df2af8eb42d56 -> 
  custom:audio-encoder-webm-vorbis: bf7c407c2cedff20999df2af8eb42d56 -> 
========================================================================
Received Prepare
Registering precompiled user dll's ...
Registered in 0.005870 seconds.
Begin MonoManager ReloadAssembly
Native extension for WindowsStandalone target not found
Refreshing native plugins compatible for Editor in 1.96 ms, found 2 plugins.
Preloading 0 native plugins for Editor in 0.00 ms.
Mono: successfully reloaded assembly
- Completed reload, in  5.251 seconds
Domain Reload Profiling:
	ReloadAssembly (5264ms)
		BeginReloadAssembly (752ms)
			ExecutionOrderSort (24ms)
			DisableScriptedObjects (16ms)
			BackupInstance (0ms)
			ReleaseScriptingObjects (0ms)
			CreateAndSetChildDomain (400ms)
		EndReloadAssembly (4351ms)
			LoadAssemblies (1964ms)
			RebuildTransferFunctionScriptingTraits (0ms)
			SetupTypeCache (980ms)
			ReleaseScriptCaches (153ms)
			RebuildScriptCaches (92ms)
			SetupLoadedEditorAssemblies (829ms)
				LogAssemblyErrors (0ms)
				InitializePlatformSupportModulesInManaged (18ms)
				SetLoadedEditorAssemblies (7ms)
				RefreshPlugins (2ms)
				BeforeProcessingInitializeOnLoad (212ms)
				ProcessInitializeOnLoadAttributes (568ms)
				ProcessInitializeOnLoadMethodAttributes (6ms)
				AfterProcessingInitializeOnLoad (14ms)
				EditorAssembliesLoaded (1ms)
			ExecutionOrderSort2 (0ms)
			AwakeInstancesAfterBackupRestoration (14ms)
Platform modules already initialized, skipping
Refreshing native plugins compatible for Editor in 1.16 ms, found 2 plugins.
Preloading 0 native plugins for Editor in 0.00 ms.
Unloading 1625 Unused Serialized files (Serialized files now loaded: 0)
System memory in use before: 102.5 MB.
System memory in use after: 101.6 MB.

Unloading 16 unused Assets to reduce memory usage. Loaded Objects now: 2239.
Total: 8.234000 ms (FindLiveObjects: 0.687800 ms CreateObjectMapping: 0.191100 ms MarkObjects: 5.927400 ms  DeleteObjects: 1.423800 ms)

AssetImportParameters requested are different than current active one (requested -> active):
  custom:framework-win-MediaFoundation: 216162199b28c13a410421893ffa2e32 -> 
  custom:video-decoder-ogg-theora: a1e56fd34408186e4bbccfd4996cb3dc -> 
  custom:container-muxer-webm: aa71ff27fc2769a1b78a27578f13a17b -> 
  custom:container-demuxer-webm: 4f35f7cbe854078d1ac9338744f61a02 -> 
  custom:container-demuxer-ogg: 62fdf1f143b41e24485cea50d1cbac27 -> 
  custom:video-encoder-webm-vp8: eb34c28f22e8b96e1ab97ce403110664 -> 
  custom:video-decoder-webm-vp8: 9c59270c3fd7afecdb556c50c9e8de78 -> 
  custom:audio-decoder-ogg-vorbis: bf7c407c2cedff20999df2af8eb42d56 -> 
  custom:audio-encoder-webm-vorbis: bf7c407c2cedff20999df2af8eb42d56 -> 
========================================================================
Received Prepare
Registering precompiled user dll's ...
Registered in 0.440567 seconds.
Begin MonoManager ReloadAssembly
Native extension for WindowsStandalone target not found
Refreshing native plugins compatible for Editor in 0.88 ms, found 2 plugins.
Preloading 0 native plugins for Editor in 0.00 ms.
Mono: successfully reloaded assembly
- Completed reload, in  2.656 seconds
Domain Reload Profiling:
	ReloadAssembly (2657ms)
		BeginReloadAssembly (206ms)
			ExecutionOrderSort (0ms)
			DisableScriptedObjects (8ms)
			BackupInstance (0ms)
			ReleaseScriptingObjects (0ms)
			CreateAndSetChildDomain (59ms)
		EndReloadAssembly (2312ms)
			LoadAssemblies (697ms)
			RebuildTransferFunctionScriptingTraits (0ms)
			SetupTypeCache (773ms)
			ReleaseScriptCaches (1ms)
			RebuildScriptCaches (76ms)
			SetupLoadedEditorAssemblies (572ms)
				LogAssemblyErrors (0ms)
				InitializePlatformSupportModulesInManaged (9ms)
				SetLoadedEditorAssemblies (1ms)
				RefreshPlugins (1ms)
				BeforeProcessingInitializeOnLoad (125ms)
				ProcessInitializeOnLoadAttributes (414ms)
				ProcessInitializeOnLoadMethodAttributes (7ms)
				AfterProcessingInitializeOnLoad (14ms)
				EditorAssembliesLoaded (0ms)
			ExecutionOrderSort2 (0ms)
			AwakeInstancesAfterBackupRestoration (12ms)
Platform modules already initialized, skipping
Refreshing native plugins compatible for Editor in 1.02 ms, found 2 plugins.
Preloading 0 native plugins for Editor in 0.00 ms.
Unloading 1625 Unused Serialized files (Serialized files now loaded: 0)
System memory in use before: 102.5 MB.
System memory in use after: 101.6 MB.

Unloading 16 unused Assets to reduce memory usage. Loaded Objects now: 2241.
Total: 6.036000 ms (FindLiveObjects: 0.393600 ms CreateObjectMapping: 0.104600 ms MarkObjects: 4.171800 ms  DeleteObjects: 1.363700 ms)

AssetImportParameters requested are different than current active one (requested -> active):
  custom:framework-win-MediaFoundation: 216162199b28c13a410421893ffa2e32 -> 
  custom:video-decoder-ogg-theora: a1e56fd34408186e4bbccfd4996cb3dc -> 
  custom:container-muxer-webm: aa71ff27fc2769a1b78a27578f13a17b -> 
  custom:container-demuxer-webm: 4f35f7cbe854078d1ac9338744f61a02 -> 
  custom:container-demuxer-ogg: 62fdf1f143b41e24485cea50d1cbac27 -> 
  custom:video-encoder-webm-vp8: eb34c28f22e8b96e1ab97ce403110664 -> 
  custom:video-decoder-webm-vp8: 9c59270c3fd7afecdb556c50c9e8de78 -> 
  custom:audio-decoder-ogg-vorbis: bf7c407c2cedff20999df2af8eb42d56 -> 
  custom:audio-encoder-webm-vorbis: bf7c407c2cedff20999df2af8eb42d56 -> 
========================================================================
Received Prepare
Registering precompiled user dll's ...
Registered in 0.004074 seconds.
Begin MonoManager ReloadAssembly
Native extension for WindowsStandalone target not found
Refreshing native plugins compatible for Editor in 1.35 ms, found 2 plugins.
Preloading 0 native plugins for Editor in 0.00 ms.
Mono: successfully reloaded assembly
- Completed reload, in  3.112 seconds
Domain Reload Profiling:
	ReloadAssembly (3112ms)
		BeginReloadAssembly (627ms)
			ExecutionOrderSort (0ms)
			DisableScriptedObjects (11ms)
			BackupInstance (0ms)
			ReleaseScriptingObjects (0ms)
			CreateAndSetChildDomain (89ms)
		EndReloadAssembly (2107ms)
			LoadAssemblies (581ms)
			RebuildTransferFunctionScriptingTraits (0ms)
			SetupTypeCache (964ms)
			ReleaseScriptCaches (4ms)
			RebuildScriptCaches (104ms)
			SetupLoadedEditorAssemblies (625ms)
				LogAssemblyErrors (0ms)
				InitializePlatformSupportModulesInManaged (8ms)
				SetLoadedEditorAssemblies (1ms)
				RefreshPlugins (1ms)
				BeforeProcessingInitializeOnLoad (129ms)
				ProcessInitializeOnLoadAttributes (450ms)
				ProcessInitializeOnLoadMethodAttributes (18ms)
				AfterProcessingInitializeOnLoad (17ms)
				EditorAssembliesLoaded (0ms)
			ExecutionOrderSort2 (0ms)
			AwakeInstancesAfterBackupRestoration (14ms)
Platform modules already initialized, skipping
Refreshing native plugins compatible for Editor in 1.06 ms, found 2 plugins.
Preloading 0 native plugins for Editor in 0.00 ms.
Unloading 1625 Unused Serialized files (Serialized files now loaded: 0)
System memory in use before: 102.5 MB.
System memory in use after: 101.6 MB.

Unloading 16 unused Assets to reduce memory usage. Loaded Objects now: 2243.
Total: 6.939100 ms (FindLiveObjects: 0.410100 ms CreateObjectMapping: 0.095800 ms MarkObjects: 5.000400 ms  DeleteObjects: 1.429800 ms)

AssetImportParameters requested are different than current active one (requested -> active):
  custom:framework-win-MediaFoundation: 216162199b28c13a410421893ffa2e32 -> 
  custom:video-decoder-ogg-theora: a1e56fd34408186e4bbccfd4996cb3dc -> 
  custom:container-muxer-webm: aa71ff27fc2769a1b78a27578f13a17b -> 
  custom:container-demuxer-webm: 4f35f7cbe854078d1ac9338744f61a02 -> 
  custom:container-demuxer-ogg: 62fdf1f143b41e24485cea50d1cbac27 -> 
  custom:video-encoder-webm-vp8: eb34c28f22e8b96e1ab97ce403110664 -> 
  custom:video-decoder-webm-vp8: 9c59270c3fd7afecdb556c50c9e8de78 -> 
  custom:audio-decoder-ogg-vorbis: bf7c407c2cedff20999df2af8eb42d56 -> 
  custom:audio-encoder-webm-vorbis: bf7c407c2cedff20999df2af8eb42d56 -> 
========================================================================
Received Prepare
Registering precompiled user dll's ...
Registered in 0.004954 seconds.
Begin MonoManager ReloadAssembly
Native extension for WindowsStandalone target not found
Refreshing native plugins compatible for Editor in 1.44 ms, found 2 plugins.
Preloading 0 native plugins for Editor in 0.00 ms.
Mono: successfully reloaded assembly
- Completed reload, in  2.735 seconds
Domain Reload Profiling:
	ReloadAssembly (2735ms)
		BeginReloadAssembly (465ms)
			ExecutionOrderSort (0ms)
			DisableScriptedObjects (36ms)
			BackupInstance (0ms)
			ReleaseScriptingObjects (0ms)
			CreateAndSetChildDomain (100ms)
		EndReloadAssembly (2036ms)
			LoadAssemblies (424ms)
			RebuildTransferFunctionScriptingTraits (0ms)
			SetupTypeCache (701ms)
			ReleaseScriptCaches (2ms)
			RebuildScriptCaches (89ms)
			SetupLoadedEditorAssemblies (696ms)
				LogAssemblyErrors (0ms)
				InitializePlatformSupportModulesInManaged (12ms)
				SetLoadedEditorAssemblies (4ms)
				RefreshPlugins (2ms)
				BeforeProcessingInitializeOnLoad (190ms)
				ProcessInitializeOnLoadAttributes (466ms)
				ProcessInitializeOnLoadMethodAttributes (6ms)
				AfterProcessingInitializeOnLoad (17ms)
				EditorAssembliesLoaded (0ms)
			ExecutionOrderSort2 (0ms)
			AwakeInstancesAfterBackupRestoration (14ms)
Platform modules already initialized, skipping
Refreshing native plugins compatible for Editor in 0.94 ms, found 2 plugins.
Preloading 0 native plugins for Editor in 0.00 ms.
Unloading 1625 Unused Serialized files (Serialized files now loaded: 0)
System memory in use before: 102.5 MB.
System memory in use after: 101.6 MB.

Unloading 16 unused Assets to reduce memory usage. Loaded Objects now: 2245.
Total: 7.041800 ms (FindLiveObjects: 0.459900 ms CreateObjectMapping: 0.128000 ms MarkObjects: 4.655800 ms  DeleteObjects: 1.795900 ms)

AssetImportParameters requested are different than current active one (requested -> active):
  custom:framework-win-MediaFoundation: 216162199b28c13a410421893ffa2e32 -> 
  custom:video-decoder-ogg-theora: a1e56fd34408186e4bbccfd4996cb3dc -> 
  custom:container-muxer-webm: aa71ff27fc2769a1b78a27578f13a17b -> 
  custom:container-demuxer-webm: 4f35f7cbe854078d1ac9338744f61a02 -> 
  custom:container-demuxer-ogg: 62fdf1f143b41e24485cea50d1cbac27 -> 
  custom:video-encoder-webm-vp8: eb34c28f22e8b96e1ab97ce403110664 -> 
  custom:video-decoder-webm-vp8: 9c59270c3fd7afecdb556c50c9e8de78 -> 
  custom:audio-decoder-ogg-vorbis: bf7c407c2cedff20999df2af8eb42d56 -> 
  custom:audio-encoder-webm-vorbis: bf7c407c2cedff20999df2af8eb42d56 -> 
========================================================================
Received Prepare
Registering precompiled user dll's ...
Registered in 0.004662 seconds.
Begin MonoManager ReloadAssembly
Native extension for WindowsStandalone target not found
Refreshing native plugins compatible for Editor in 1.09 ms, found 2 plugins.
Preloading 0 native plugins for Editor in 0.00 ms.
Mono: successfully reloaded assembly
- Completed reload, in  2.645 seconds
Domain Reload Profiling:
	ReloadAssembly (2646ms)
		BeginReloadAssembly (241ms)
			ExecutionOrderSort (0ms)
			DisableScriptedObjects (11ms)
			BackupInstance (0ms)
			ReleaseScriptingObjects (0ms)
			CreateAndSetChildDomain (76ms)
		EndReloadAssembly (2195ms)
			LoadAssemblies (226ms)
			RebuildTransferFunctionScriptingTraits (0ms)
			SetupTypeCache (809ms)
			ReleaseScriptCaches (1ms)
			RebuildScriptCaches (92ms)
			SetupLoadedEditorAssemblies (744ms)
				LogAssemblyErrors (0ms)
				InitializePlatformSupportModulesInManaged (16ms)
				SetLoadedEditorAssemblies (1ms)
				RefreshPlugins (1ms)
				BeforeProcessingInitializeOnLoad (255ms)
				ProcessInitializeOnLoadAttributes (442ms)
				ProcessInitializeOnLoadMethodAttributes (10ms)
				AfterProcessingInitializeOnLoad (18ms)
				EditorAssembliesLoaded (0ms)
			ExecutionOrderSort2 (0ms)
			AwakeInstancesAfterBackupRestoration (16ms)
Platform modules already initialized, skipping
Refreshing native plugins compatible for Editor in 1.36 ms, found 2 plugins.
Preloading 0 native plugins for Editor in 0.00 ms.
Unloading 1625 Unused Serialized files (Serialized files now loaded: 0)
System memory in use before: 102.5 MB.
System memory in use after: 101.6 MB.

Unloading 16 unused Assets to reduce memory usage. Loaded Objects now: 2247.
Total: 7.404800 ms (FindLiveObjects: 0.599100 ms CreateObjectMapping: 0.150200 ms MarkObjects: 5.212500 ms  DeleteObjects: 1.439800 ms)

AssetImportParameters requested are different than current active one (requested -> active):
  custom:framework-win-MediaFoundation: 216162199b28c13a410421893ffa2e32 -> 
  custom:video-decoder-ogg-theora: a1e56fd34408186e4bbccfd4996cb3dc -> 
  custom:container-muxer-webm: aa71ff27fc2769a1b78a27578f13a17b -> 
  custom:container-demuxer-webm: 4f35f7cbe854078d1ac9338744f61a02 -> 
  custom:container-demuxer-ogg: 62fdf1f143b41e24485cea50d1cbac27 -> 
  custom:video-encoder-webm-vp8: eb34c28f22e8b96e1ab97ce403110664 -> 
  custom:video-decoder-webm-vp8: 9c59270c3fd7afecdb556c50c9e8de78 -> 
  custom:audio-decoder-ogg-vorbis: bf7c407c2cedff20999df2af8eb42d56 -> 
  custom:audio-encoder-webm-vorbis: bf7c407c2cedff20999df2af8eb42d56 -> 
========================================================================
Received Import Request.
  Time since last request: 5600.843447 seconds.
  path: Assets/MY Scripts
  artifactKey: Guid(344a4f92e6257b1448fb482dfaf77c93) Importer(815301076,1909f56bfc062723c751e8b465ee728b)
Start importing Assets/MY Scripts using Guid(344a4f92e6257b1448fb482dfaf77c93) Importer(815301076,1909f56bfc062723c751e8b465ee728b)  -> (artifact id: 'bbfc44857d0c0d149c589875f31e1c6c') in 0.199567 seconds 
  Import took 0.480129 seconds .

========================================================================
Received Import Request.
  Time since last request: 11.513098 seconds.
  path: Assets/MY Scripts/MainMEnuLOad.cs
  artifactKey: Guid(ce043516ec727464e86f42de2cbdbdba) Importer(815301076,1909f56bfc062723c751e8b465ee728b)
Start importing Assets/MY Scripts/MainMEnuLOad.cs using Guid(ce043516ec727464e86f42de2cbdbdba) Importer(815301076,1909f56bfc062723c751e8b465ee728b)  -> (artifact id: 'd62640da6e86c99bd9d59de8c364020e') in 0.891487 seconds 
  Import took 1.341274 seconds .

========================================================================
Received Prepare
Registering precompiled user dll's ...
Registered in 0.007210 seconds.
Begin MonoManager ReloadAssembly
Native extension for WindowsStandalone target not found
Refreshing native plugins compatible for Editor in 0.98 ms, found 2 plugins.
Preloading 0 native plugins for Editor in 0.00 ms.
Mono: successfully reloaded assembly
- Completed reload, in  2.809 seconds
Domain Reload Profiling:
	ReloadAssembly (2812ms)
		BeginReloadAssembly (540ms)
			ExecutionOrderSort (0ms)
			DisableScriptedObjects (42ms)
			BackupInstance (0ms)
			ReleaseScriptingObjects (0ms)
			CreateAndSetChildDomain (191ms)
		EndReloadAssembly (2045ms)
			LoadAssemblies (358ms)
			RebuildTransferFunctionScriptingTraits (0ms)
			SetupTypeCache (872ms)
			ReleaseScriptCaches (2ms)
			RebuildScriptCaches (86ms)
			SetupLoadedEditorAssemblies (584ms)
				LogAssemblyErrors (0ms)
				InitializePlatformSupportModulesInManaged (10ms)
				SetLoadedEditorAssemblies (1ms)
				RefreshPlugins (1ms)
				BeforeProcessingInitializeOnLoad (146ms)
				ProcessInitializeOnLoadAttributes (402ms)
				ProcessInitializeOnLoadMethodAttributes (7ms)
				AfterProcessingInitializeOnLoad (16ms)
				EditorAssembliesLoaded (0ms)
			ExecutionOrderSort2 (0ms)
			AwakeInstancesAfterBackupRestoration (14ms)
Platform modules already initialized, skipping
Refreshing native plugins compatible for Editor in 0.93 ms, found 2 plugins.
Preloading 0 native plugins for Editor in 0.00 ms.
Unloading 1626 Unused Serialized files (Serialized files now loaded: 0)
System memory in use before: 102.6 MB.
System memory in use after: 101.7 MB.

Unloading 16 unused Assets to reduce memory usage. Loaded Objects now: 2250.
Total: 6.878400 ms (FindLiveObjects: 0.424700 ms CreateObjectMapping: 0.097800 ms MarkObjects: 4.981000 ms  DeleteObjects: 1.372200 ms)

AssetImportParameters requested are different than current active one (requested -> active):
  custom:framework-win-MediaFoundation: 216162199b28c13a410421893ffa2e32 -> 
  custom:video-decoder-ogg-theora: a1e56fd34408186e4bbccfd4996cb3dc -> 
  custom:container-muxer-webm: aa71ff27fc2769a1b78a27578f13a17b -> 
  custom:container-demuxer-webm: 4f35f7cbe854078d1ac9338744f61a02 -> 
  custom:container-demuxer-ogg: 62fdf1f143b41e24485cea50d1cbac27 -> 
  custom:video-encoder-webm-vp8: eb34c28f22e8b96e1ab97ce403110664 -> 
  custom:video-decoder-webm-vp8: 9c59270c3fd7afecdb556c50c9e8de78 -> 
  custom:audio-decoder-ogg-vorbis: bf7c407c2cedff20999df2af8eb42d56 -> 
  custom:audio-encoder-webm-vorbis: bf7c407c2cedff20999df2af8eb42d56 -> 
========================================================================
Received Import Request.
  Time since last request: 148.869365 seconds.
  path: Assets/MY Scripts/MainMEnuLOad.cs
  artifactKey: Guid(ce043516ec727464e86f42de2cbdbdba) Importer(815301076,1909f56bfc062723c751e8b465ee728b)
Start importing Assets/MY Scripts/MainMEnuLOad.cs using Guid(ce043516ec727464e86f42de2cbdbdba) Importer(815301076,1909f56bfc062723c751e8b465ee728b)  -> (artifact id: '0fa2447d93ed8648cb37f96922cd4756') in 0.019770 seconds 
  Import took 0.029982 seconds .

========================================================================
Received Prepare
Registering precompiled user dll's ...
Registered in 0.007312 seconds.
Begin MonoManager ReloadAssembly
Native extension for WindowsStandalone target not found
Refreshing native plugins compatible for Editor in 0.95 ms, found 2 plugins.
Preloading 0 native plugins for Editor in 0.00 ms.
Mono: successfully reloaded assembly
- Completed reload, in  2.744 seconds
Domain Reload Profiling:
	ReloadAssembly (2748ms)
		BeginReloadAssembly (368ms)
			ExecutionOrderSort (0ms)
			DisableScriptedObjects (10ms)
			BackupInstance (0ms)
			ReleaseScriptingObjects (0ms)
			CreateAndSetChildDomain (118ms)
		EndReloadAssembly (2156ms)
			LoadAssemblies (260ms)
			RebuildTransferFunctionScriptingTraits (0ms)
			SetupTypeCache (829ms)
			ReleaseScriptCaches (5ms)
			RebuildScriptCaches (110ms)
			SetupLoadedEditorAssemblies (639ms)
				LogAssemblyErrors (0ms)
				InitializePlatformSupportModulesInManaged (10ms)
				SetLoadedEditorAssemblies (1ms)
				RefreshPlugins (1ms)
				BeforeProcessingInitializeOnLoad (152ms)
				ProcessInitializeOnLoadAttributes (434ms)
				ProcessInitializeOnLoadMethodAttributes (9ms)
				AfterProcessingInitializeOnLoad (31ms)
				EditorAssembliesLoaded (1ms)
			ExecutionOrderSort2 (0ms)
			AwakeInstancesAfterBackupRestoration (54ms)
Platform modules already initialized, skipping
Refreshing native plugins compatible for Editor in 1.08 ms, found 2 plugins.
Preloading 0 native plugins for Editor in 0.00 ms.
Unloading 1626 Unused Serialized files (Serialized files now loaded: 0)
System memory in use before: 102.6 MB.
System memory in use after: 101.7 MB.

Unloading 16 unused Assets to reduce memory usage. Loaded Objects now: 2252.
Total: 7.962600 ms (FindLiveObjects: 0.380500 ms CreateObjectMapping: 0.098800 ms MarkObjects: 6.097200 ms  DeleteObjects: 1.383800 ms)

AssetImportParameters requested are different than current active one (requested -> active):
  custom:framework-win-MediaFoundation: 216162199b28c13a410421893ffa2e32 -> 
  custom:video-decoder-ogg-theora: a1e56fd34408186e4bbccfd4996cb3dc -> 
  custom:container-muxer-webm: aa71ff27fc2769a1b78a27578f13a17b -> 
  custom:container-demuxer-webm: 4f35f7cbe854078d1ac9338744f61a02 -> 
  custom:container-demuxer-ogg: 62fdf1f143b41e24485cea50d1cbac27 -> 
  custom:video-encoder-webm-vp8: eb34c28f22e8b96e1ab97ce403110664 -> 
  custom:video-decoder-webm-vp8: 9c59270c3fd7afecdb556c50c9e8de78 -> 
  custom:audio-decoder-ogg-vorbis: bf7c407c2cedff20999df2af8eb42d56 -> 
  custom:audio-encoder-webm-vorbis: bf7c407c2cedff20999df2af8eb42d56 -> 
========================================================================
Received Import Request.
  Time since last request: 20.339600 seconds.
  path: Assets/MY Scripts/MainMEnuLOad.cs
  artifactKey: Guid(ce043516ec727464e86f42de2cbdbdba) Importer(815301076,1909f56bfc062723c751e8b465ee728b)
Start importing Assets/MY Scripts/MainMEnuLOad.cs using Guid(ce043516ec727464e86f42de2cbdbdba) Importer(815301076,1909f56bfc062723c751e8b465ee728b)  -> (artifact id: 'c4e93de5528aae17448fa3d868105dc7') in 0.031070 seconds 
  Import took 0.074784 seconds .

========================================================================
Received Prepare
Registering precompiled user dll's ...
Registered in 0.006046 seconds.
Begin MonoManager ReloadAssembly
Native extension for WindowsStandalone target not found
Refreshing native plugins compatible for Editor in 1.23 ms, found 2 plugins.
Preloading 0 native plugins for Editor in 0.00 ms.
Mono: successfully reloaded assembly
- Completed reload, in  3.018 seconds
Domain Reload Profiling:
	ReloadAssembly (3019ms)
		BeginReloadAssembly (389ms)
			ExecutionOrderSort (0ms)
			DisableScriptedObjects (14ms)
			BackupInstance (0ms)
			ReleaseScriptingObjects (0ms)
			CreateAndSetChildDomain (89ms)
		EndReloadAssembly (2367ms)
			LoadAssemblies (329ms)
			RebuildTransferFunctionScriptingTraits (0ms)
			SetupTypeCache (983ms)
			ReleaseScriptCaches (2ms)
			RebuildScriptCaches (95ms)
			SetupLoadedEditorAssemblies (797ms)
				LogAssemblyErrors (0ms)
				InitializePlatformSupportModulesInManaged (14ms)
				SetLoadedEditorAssemblies (1ms)
				RefreshPlugins (1ms)
				BeforeProcessingInitializeOnLoad (249ms)
				ProcessInitializeOnLoadAttributes (494ms)
				ProcessInitializeOnLoadMethodAttributes (17ms)
				AfterProcessingInitializeOnLoad (21ms)
				EditorAssembliesLoaded (0ms)
			ExecutionOrderSort2 (0ms)
			AwakeInstancesAfterBackupRestoration (16ms)
Platform modules already initialized, skipping
Refreshing native plugins compatible for Editor in 0.93 ms, found 2 plugins.
Preloading 0 native plugins for Editor in 0.00 ms.
Unloading 1626 Unused Serialized files (Serialized files now loaded: 0)
System memory in use before: 102.6 MB.
System memory in use after: 101.7 MB.

Unloading 16 unused Assets to reduce memory usage. Loaded Objects now: 2254.
Total: 15.021200 ms (FindLiveObjects: 0.525800 ms CreateObjectMapping: 0.208100 ms MarkObjects: 10.972100 ms  DeleteObjects: 3.312500 ms)

AssetImportParameters requested are different than current active one (requested -> active):
  custom:framework-win-MediaFoundation: 216162199b28c13a410421893ffa2e32 -> 
  custom:video-decoder-ogg-theora: a1e56fd34408186e4bbccfd4996cb3dc -> 
  custom:container-muxer-webm: aa71ff27fc2769a1b78a27578f13a17b -> 
  custom:container-demuxer-webm: 4f35f7cbe854078d1ac9338744f61a02 -> 
  custom:container-demuxer-ogg: 62fdf1f143b41e24485cea50d1cbac27 -> 
  custom:video-encoder-webm-vp8: eb34c28f22e8b96e1ab97ce403110664 -> 
  custom:video-decoder-webm-vp8: 9c59270c3fd7afecdb556c50c9e8de78 -> 
  custom:audio-decoder-ogg-vorbis: bf7c407c2cedff20999df2af8eb42d56 -> 
  custom:audio-encoder-webm-vorbis: bf7c407c2cedff20999df2af8eb42d56 -> 
========================================================================
Received Import Request.
  Time since last request: 541.484651 seconds.
  path: Assets/MY Scripts/HealthScript.cs
  artifactKey: Guid(28603f650887b964dbfa1b7194e04d74) Importer(815301076,1909f56bfc062723c751e8b465ee728b)
Start importing Assets/MY Scripts/HealthScript.cs using Guid(28603f650887b964dbfa1b7194e04d74) Importer(815301076,1909f56bfc062723c751e8b465ee728b)  -> (artifact id: 'b679dc8dfca9cccf92d4e56336f463d6') in 0.053445 seconds 
  Import took 0.083489 seconds .

========================================================================
Received Import Request.
  Time since last request: 63.823653 seconds.
  path: Assets/MY Scripts/HealthScript.cs
  artifactKey: Guid(28603f650887b964dbfa1b7194e04d74) Importer(815301076,1909f56bfc062723c751e8b465ee728b)
Start importing Assets/MY Scripts/HealthScript.cs using Guid(28603f650887b964dbfa1b7194e04d74) Importer(815301076,1909f56bfc062723c751e8b465ee728b)  -> (artifact id: 'f7cf6ef19387f33a3aae95c45d547ea1') in 0.008603 seconds 
  Import took 0.015014 seconds .

========================================================================
Received Prepare
Registering precompiled user dll's ...
Registered in 0.008003 seconds.
Begin MonoManager ReloadAssembly
Native extension for WindowsStandalone target not found
Refreshing native plugins compatible for Editor in 0.95 ms, found 2 plugins.
Preloading 0 native plugins for Editor in 0.00 ms.
Mono: successfully reloaded assembly
- Completed reload, in  2.360 seconds
Domain Reload Profiling:
	ReloadAssembly (2361ms)
		BeginReloadAssembly (288ms)
			ExecutionOrderSort (0ms)
			DisableScriptedObjects (9ms)
			BackupInstance (0ms)
			ReleaseScriptingObjects (0ms)
			CreateAndSetChildDomain (86ms)
		EndReloadAssembly (1935ms)
			LoadAssemblies (218ms)
			RebuildTransferFunctionScriptingTraits (0ms)
			SetupTypeCache (760ms)
			ReleaseScriptCaches (1ms)
			RebuildScriptCaches (101ms)
			SetupLoadedEditorAssemblies (575ms)
				LogAssemblyErrors (0ms)
				InitializePlatformSupportModulesInManaged (10ms)
				SetLoadedEditorAssemblies (1ms)
				RefreshPlugins (1ms)
				BeforeProcessingInitializeOnLoad (135ms)
				ProcessInitializeOnLoadAttributes (404ms)
				ProcessInitializeOnLoadMethodAttributes (7ms)
				AfterProcessingInitializeOnLoad (15ms)
				EditorAssembliesLoaded (0ms)
			ExecutionOrderSort2 (0ms)
			AwakeInstancesAfterBackupRestoration (16ms)
Platform modules already initialized, skipping
Refreshing native plugins compatible for Editor in 2.21 ms, found 2 plugins.
Preloading 0 native plugins for Editor in 0.00 ms.
Unloading 1626 Unused Serialized files (Serialized files now loaded: 0)
System memory in use before: 102.6 MB.
System memory in use after: 101.7 MB.

Unloading 16 unused Assets to reduce memory usage. Loaded Objects now: 2256.
Total: 6.463100 ms (FindLiveObjects: 0.411300 ms CreateObjectMapping: 0.097800 ms MarkObjects: 4.679200 ms  DeleteObjects: 1.272400 ms)

AssetImportParameters requested are different than current active one (requested -> active):
  custom:framework-win-MediaFoundation: 216162199b28c13a410421893ffa2e32 -> 
  custom:video-decoder-ogg-theora: a1e56fd34408186e4bbccfd4996cb3dc -> 
  custom:container-muxer-webm: aa71ff27fc2769a1b78a27578f13a17b -> 
  custom:container-demuxer-webm: 4f35f7cbe854078d1ac9338744f61a02 -> 
  custom:container-demuxer-ogg: 62fdf1f143b41e24485cea50d1cbac27 -> 
  custom:video-encoder-webm-vp8: eb34c28f22e8b96e1ab97ce403110664 -> 
  custom:video-decoder-webm-vp8: 9c59270c3fd7afecdb556c50c9e8de78 -> 
  custom:audio-decoder-ogg-vorbis: bf7c407c2cedff20999df2af8eb42d56 -> 
  custom:audio-encoder-webm-vorbis: bf7c407c2cedff20999df2af8eb42d56 -> 
========================================================================
Received Import Request.
  Time since last request: 32.989916 seconds.
  path: Assets/MY Scripts/HealthScript.cs
  artifactKey: Guid(28603f650887b964dbfa1b7194e04d74) Importer(815301076,1909f56bfc062723c751e8b465ee728b)
Start importing Assets/MY Scripts/HealthScript.cs using Guid(28603f650887b964dbfa1b7194e04d74) Importer(815301076,1909f56bfc062723c751e8b465ee728b)  -> (artifact id: '82e8b7485b2acc2b9cfddeb636eac1d6') in 0.024037 seconds 
  Import took 0.055956 seconds .

========================================================================
Received Prepare
Registering precompiled user dll's ...
Registered in 0.004957 seconds.
Begin MonoManager ReloadAssembly
Native extension for WindowsStandalone target not found
Refreshing native plugins compatible for Editor in 0.96 ms, found 2 plugins.
Preloading 0 native plugins for Editor in 0.00 ms.
Mono: successfully reloaded assembly
- Completed reload, in  2.776 seconds
Domain Reload Profiling:
	ReloadAssembly (2778ms)
		BeginReloadAssembly (453ms)
			ExecutionOrderSort (0ms)
			DisableScriptedObjects (14ms)
			BackupInstance (0ms)
			ReleaseScriptingObjects (0ms)
			CreateAndSetChildDomain (179ms)
		EndReloadAssembly (2134ms)
			LoadAssemblies (341ms)
			RebuildTransferFunctionScriptingTraits (0ms)
			SetupTypeCache (794ms)
			ReleaseScriptCaches (3ms)
			RebuildScriptCaches (103ms)
			SetupLoadedEditorAssemblies (744ms)
				LogAssemblyErrors (0ms)
				InitializePlatformSupportModulesInManaged (12ms)
				SetLoadedEditorAssemblies (1ms)
				RefreshPlugins (1ms)
				BeforeProcessingInitializeOnLoad (164ms)
				ProcessInitializeOnLoadAttributes (537ms)
				ProcessInitializeOnLoadMethodAttributes (11ms)
				AfterProcessingInitializeOnLoad (18ms)
				EditorAssembliesLoaded (1ms)
			ExecutionOrderSort2 (0ms)
			AwakeInstancesAfterBackupRestoration (17ms)
Platform modules already initialized, skipping
Refreshing native plugins compatible for Editor in 0.99 ms, found 2 plugins.
Preloading 0 native plugins for Editor in 0.00 ms.
Unloading 1626 Unused Serialized files (Serialized files now loaded: 0)
System memory in use before: 102.4 MB.
System memory in use after: 101.5 MB.

Unloading 16 unused Assets to reduce memory usage. Loaded Objects now: 2258.
Total: 10.499200 ms (FindLiveObjects: 0.953500 ms CreateObjectMapping: 0.228800 ms MarkObjects: 7.378000 ms  DeleteObjects: 1.936200 ms)

AssetImportParameters requested are different than current active one (requested -> active):
  custom:framework-win-MediaFoundation: 216162199b28c13a410421893ffa2e32 -> 
  custom:video-decoder-ogg-theora: a1e56fd34408186e4bbccfd4996cb3dc -> 
  custom:container-muxer-webm: aa71ff27fc2769a1b78a27578f13a17b -> 
  custom:container-demuxer-webm: 4f35f7cbe854078d1ac9338744f61a02 -> 
  custom:container-demuxer-ogg: 62fdf1f143b41e24485cea50d1cbac27 -> 
  custom:video-encoder-webm-vp8: eb34c28f22e8b96e1ab97ce403110664 -> 
  custom:video-decoder-webm-vp8: 9c59270c3fd7afecdb556c50c9e8de78 -> 
  custom:audio-decoder-ogg-vorbis: bf7c407c2cedff20999df2af8eb42d56 -> 
  custom:audio-encoder-webm-vorbis: bf7c407c2cedff20999df2af8eb42d56 -> 
========================================================================
Received Import Request.
  Time since last request: 44.590781 seconds.
  path: Assets/MY Scripts/HealthScript.cs
  artifactKey: Guid(28603f650887b964dbfa1b7194e04d74) Importer(815301076,1909f56bfc062723c751e8b465ee728b)
Start importing Assets/MY Scripts/HealthScript.cs using Guid(28603f650887b964dbfa1b7194e04d74) Importer(815301076,1909f56bfc062723c751e8b465ee728b)  -> (artifact id: 'fdf7d5ccf104aafb609b4a213455b1ff') in 0.028262 seconds 
  Import took 0.042268 seconds .

========================================================================
Received Prepare
Registering precompiled user dll's ...
Registered in 0.005020 seconds.
Begin MonoManager ReloadAssembly
Native extension for WindowsStandalone target not found
Refreshing native plugins compatible for Editor in 0.97 ms, found 2 plugins.
Preloading 0 native plugins for Editor in 0.00 ms.
Mono: successfully reloaded assembly
- Completed reload, in  2.798 seconds
Domain Reload Profiling:
	ReloadAssembly (2799ms)
		BeginReloadAssembly (441ms)
			ExecutionOrderSort (0ms)
			DisableScriptedObjects (23ms)
			BackupInstance (0ms)
			ReleaseScriptingObjects (0ms)
			CreateAndSetChildDomain (84ms)
		EndReloadAssembly (2086ms)
			LoadAssemblies (241ms)
			RebuildTransferFunctionScriptingTraits (0ms)
			SetupTypeCache (688ms)
			ReleaseScriptCaches (2ms)
			RebuildScriptCaches (93ms)
			SetupLoadedEditorAssemblies (772ms)
				LogAssemblyErrors (0ms)
				InitializePlatformSupportModulesInManaged (12ms)
				SetLoadedEditorAssemblies (1ms)
				RefreshPlugins (1ms)
				BeforeProcessingInitializeOnLoad (141ms)
				ProcessInitializeOnLoadAttributes (592ms)
				ProcessInitializeOnLoadMethodAttributes (8ms)
				AfterProcessingInitializeOnLoad (15ms)
				EditorAssembliesLoaded (1ms)
			ExecutionOrderSort2 (0ms)
			AwakeInstancesAfterBackupRestoration (38ms)
Platform modules already initialized, skipping
Refreshing native plugins compatible for Editor in 1.00 ms, found 2 plugins.
Preloading 0 native plugins for Editor in 0.00 ms.
Unloading 1626 Unused Serialized files (Serialized files now loaded: 0)
System memory in use before: 102.4 MB.
System memory in use after: 101.5 MB.

Unloading 16 unused Assets to reduce memory usage. Loaded Objects now: 2260.
Total: 7.592300 ms (FindLiveObjects: 0.487000 ms CreateObjectMapping: 0.111400 ms MarkObjects: 5.564900 ms  DeleteObjects: 1.426000 ms)

AssetImportParameters requested are different than current active one (requested -> active):
  custom:framework-win-MediaFoundation: 216162199b28c13a410421893ffa2e32 -> 
  custom:video-decoder-ogg-theora: a1e56fd34408186e4bbccfd4996cb3dc -> 
  custom:container-muxer-webm: aa71ff27fc2769a1b78a27578f13a17b -> 
  custom:container-demuxer-webm: 4f35f7cbe854078d1ac9338744f61a02 -> 
  custom:container-demuxer-ogg: 62fdf1f143b41e24485cea50d1cbac27 -> 
  custom:video-encoder-webm-vp8: eb34c28f22e8b96e1ab97ce403110664 -> 
  custom:video-decoder-webm-vp8: 9c59270c3fd7afecdb556c50c9e8de78 -> 
  custom:audio-decoder-ogg-vorbis: bf7c407c2cedff20999df2af8eb42d56 -> 
  custom:audio-encoder-webm-vorbis: bf7c407c2cedff20999df2af8eb42d56 -> 
========================================================================
Received Import Request.
  Time since last request: 35.086520 seconds.
  path: Assets/MY Scripts/HealthScript.cs
  artifactKey: Guid(28603f650887b964dbfa1b7194e04d74) Importer(815301076,1909f56bfc062723c751e8b465ee728b)
Start importing Assets/MY Scripts/HealthScript.cs using Guid(28603f650887b964dbfa1b7194e04d74) Importer(815301076,1909f56bfc062723c751e8b465ee728b)  -> (artifact id: 'd46e5ecb66228fd064d69c9206f74784') in 0.086251 seconds 
  Import took 0.191362 seconds .

========================================================================
Received Prepare
Registering precompiled user dll's ...
Registered in 0.008388 seconds.
Begin MonoManager ReloadAssembly
Native extension for WindowsStandalone target not found
Refreshing native plugins compatible for Editor in 0.98 ms, found 2 plugins.
Preloading 0 native plugins for Editor in 0.00 ms.
Mono: successfully reloaded assembly
- Completed reload, in  2.872 seconds
Domain Reload Profiling:
	ReloadAssembly (2873ms)
		BeginReloadAssembly (352ms)
			ExecutionOrderSort (0ms)
			DisableScriptedObjects (18ms)
			BackupInstance (0ms)
			ReleaseScriptingObjects (0ms)
			CreateAndSetChildDomain (116ms)
		EndReloadAssembly (2296ms)
			LoadAssemblies (264ms)
			RebuildTransferFunctionScriptingTraits (0ms)
			SetupTypeCache (1026ms)
			ReleaseScriptCaches (2ms)
			RebuildScriptCaches (104ms)
			SetupLoadedEditorAssemblies (702ms)
				LogAssemblyErrors (0ms)
				InitializePlatformSupportModulesInManaged (12ms)
				SetLoadedEditorAssemblies (1ms)
				RefreshPlugins (1ms)
				BeforeProcessingInitializeOnLoad (205ms)
				ProcessInitializeOnLoadAttributes (461ms)
				ProcessInitializeOnLoadMethodAttributes (7ms)
				AfterProcessingInitializeOnLoad (16ms)
				EditorAssembliesLoaded (0ms)
			ExecutionOrderSort2 (0ms)
			AwakeInstancesAfterBackupRestoration (13ms)
Platform modules already initialized, skipping
Refreshing native plugins compatible for Editor in 0.92 ms, found 2 plugins.
Preloading 0 native plugins for Editor in 0.00 ms.
Unloading 1626 Unused Serialized files (Serialized files now loaded: 0)
System memory in use before: 102.4 MB.
System memory in use after: 101.5 MB.

Unloading 16 unused Assets to reduce memory usage. Loaded Objects now: 2262.
Total: 16.734300 ms (FindLiveObjects: 0.951300 ms CreateObjectMapping: 0.990300 ms MarkObjects: 9.918000 ms  DeleteObjects: 4.871500 ms)

AssetImportParameters requested are different than current active one (requested -> active):
  custom:framework-win-MediaFoundation: 216162199b28c13a410421893ffa2e32 -> 
  custom:video-decoder-ogg-theora: a1e56fd34408186e4bbccfd4996cb3dc -> 
  custom:container-muxer-webm: aa71ff27fc2769a1b78a27578f13a17b -> 
  custom:container-demuxer-webm: 4f35f7cbe854078d1ac9338744f61a02 -> 
  custom:container-demuxer-ogg: 62fdf1f143b41e24485cea50d1cbac27 -> 
  custom:video-encoder-webm-vp8: eb34c28f22e8b96e1ab97ce403110664 -> 
  custom:video-decoder-webm-vp8: 9c59270c3fd7afecdb556c50c9e8de78 -> 
  custom:audio-decoder-ogg-vorbis: bf7c407c2cedff20999df2af8eb42d56 -> 
  custom:audio-encoder-webm-vorbis: bf7c407c2cedff20999df2af8eb42d56 -> 
========================================================================
Received Import Request.
  Time since last request: 150.443932 seconds.
  path: Assets/Scenes/Main Menu.unity
  artifactKey: Guid(f5133ed141daa954b9d27112df4c877d) Importer(815301076,1909f56bfc062723c751e8b465ee728b)
Start importing Assets/Scenes/Main Menu.unity using Guid(f5133ed141daa954b9d27112df4c877d) Importer(815301076,1909f56bfc062723c751e8b465ee728b)  -> (artifact id: '0116f704237d4a9272e3e5566665449f') in 0.154105 seconds 
  Import took 0.175906 seconds .

========================================================================
Received Import Request.
  Time since last request: 49.979606 seconds.
  path: Assets/MY Scripts/SaveScript.cs
  artifactKey: Guid(ccbf2ca11846f4741bf3021de7e4a05a) Importer(815301076,1909f56bfc062723c751e8b465ee728b)
Start importing Assets/MY Scripts/SaveScript.cs using Guid(ccbf2ca11846f4741bf3021de7e4a05a) Importer(815301076,1909f56bfc062723c751e8b465ee728b)  -> (artifact id: 'd28e0f2fc6fd6d769fff4e89353d94a6') in 0.017549 seconds 
  Import took 0.047829 seconds .

========================================================================
Received Import Request.
  Time since last request: 24.830916 seconds.
  path: Assets/MY Scripts/SaveScript.cs
  artifactKey: Guid(ccbf2ca11846f4741bf3021de7e4a05a) Importer(815301076,1909f56bfc062723c751e8b465ee728b)
Start importing Assets/MY Scripts/SaveScript.cs using Guid(ccbf2ca11846f4741bf3021de7e4a05a) Importer(815301076,1909f56bfc062723c751e8b465ee728b)  -> (artifact id: '2fb90deb1750eec1ddbebf6f7cfc64b1') in 0.016824 seconds 
  Import took 0.032786 seconds .

========================================================================
Received Import Request.
  Time since last request: 210.149367 seconds.
  path: Assets/MY Scripts/SaveScript.cs
  artifactKey: Guid(ccbf2ca11846f4741bf3021de7e4a05a) Importer(815301076,1909f56bfc062723c751e8b465ee728b)
Start importing Assets/MY Scripts/SaveScript.cs using Guid(ccbf2ca11846f4741bf3021de7e4a05a) Importer(815301076,1909f56bfc062723c751e8b465ee728b)  -> (artifact id: '569c6ec5f15a17b5b2607c3ad7c6a54b') in 0.014889 seconds 
  Import took 0.033959 seconds .

========================================================================
Received Prepare
Registering precompiled user dll's ...
Registered in 0.004975 seconds.
Begin MonoManager ReloadAssembly
Native extension for WindowsStandalone target not found
Refreshing native plugins compatible for Editor in 1.90 ms, found 2 plugins.
Preloading 0 native plugins for Editor in 0.00 ms.
Mono: successfully reloaded assembly
- Completed reload, in  2.520 seconds
Domain Reload Profiling:
	ReloadAssembly (2521ms)
		BeginReloadAssembly (339ms)
			ExecutionOrderSort (0ms)
			DisableScriptedObjects (8ms)
			BackupInstance (0ms)
			ReleaseScriptingObjects (0ms)
			CreateAndSetChildDomain (71ms)
		EndReloadAssembly (1925ms)
			LoadAssemblies (308ms)
			RebuildTransferFunctionScriptingTraits (0ms)
			SetupTypeCache (587ms)
			ReleaseScriptCaches (2ms)
			RebuildScriptCaches (80ms)
			SetupLoadedEditorAssemblies (802ms)
				LogAssemblyErrors (0ms)
				InitializePlatformSupportModulesInManaged (18ms)
				SetLoadedEditorAssemblies (1ms)
				RefreshPlugins (2ms)
				BeforeProcessingInitializeOnLoad (226ms)
				ProcessInitializeOnLoadAttributes (529ms)
				ProcessInitializeOnLoadMethodAttributes (8ms)
				AfterProcessingInitializeOnLoad (17ms)
				EditorAssembliesLoaded (0ms)
			ExecutionOrderSort2 (0ms)
			AwakeInstancesAfterBackupRestoration (15ms)
Platform modules already initialized, skipping
Refreshing native plugins compatible for Editor in 0.93 ms, found 2 plugins.
Preloading 0 native plugins for Editor in 0.00 ms.
Unloading 1626 Unused Serialized files (Serialized files now loaded: 0)
System memory in use before: 102.5 MB.
System memory in use after: 101.5 MB.

Unloading 16 unused Assets to reduce memory usage. Loaded Objects now: 2264.
Total: 7.631500 ms (FindLiveObjects: 0.433700 ms CreateObjectMapping: 0.103700 ms MarkObjects: 5.787600 ms  DeleteObjects: 1.303300 ms)

AssetImportParameters requested are different than current active one (requested -> active):
  custom:framework-win-MediaFoundation: 216162199b28c13a410421893ffa2e32 -> 
  custom:video-decoder-ogg-theora: a1e56fd34408186e4bbccfd4996cb3dc -> 
  custom:container-muxer-webm: aa71ff27fc2769a1b78a27578f13a17b -> 
  custom:container-demuxer-webm: 4f35f7cbe854078d1ac9338744f61a02 -> 
  custom:container-demuxer-ogg: 62fdf1f143b41e24485cea50d1cbac27 -> 
  custom:video-encoder-webm-vp8: eb34c28f22e8b96e1ab97ce403110664 -> 
  custom:video-decoder-webm-vp8: 9c59270c3fd7afecdb556c50c9e8de78 -> 
  custom:audio-decoder-ogg-vorbis: bf7c407c2cedff20999df2af8eb42d56 -> 
  custom:audio-encoder-webm-vorbis: bf7c407c2cedff20999df2af8eb42d56 -> 
========================================================================
Received Prepare
Registering precompiled user dll's ...
Registered in 0.005385 seconds.
Begin MonoManager ReloadAssembly
Native extension for WindowsStandalone target not found
Refreshing native plugins compatible for Editor in 1.83 ms, found 2 plugins.
Preloading 0 native plugins for Editor in 0.00 ms.
Mono: successfully reloaded assembly
- Completed reload, in  3.305 seconds
Domain Reload Profiling:
	ReloadAssembly (3306ms)
		BeginReloadAssembly (655ms)
			ExecutionOrderSort (0ms)
			DisableScriptedObjects (14ms)
			BackupInstance (0ms)
			ReleaseScriptingObjects (0ms)
			CreateAndSetChildDomain (112ms)
		EndReloadAssembly (2424ms)
			LoadAssemblies (556ms)
			RebuildTransferFunctionScriptingTraits (0ms)
			SetupTypeCache (915ms)
			ReleaseScriptCaches (2ms)
			RebuildScriptCaches (142ms)
			SetupLoadedEditorAssemblies (889ms)
				LogAssemblyErrors (0ms)
				InitializePlatformSupportModulesInManaged (16ms)
				SetLoadedEditorAssemblies (1ms)
				RefreshPlugins (2ms)
				BeforeProcessingInitializeOnLoad (181ms)
				ProcessInitializeOnLoadAttributes (639ms)
				ProcessInitializeOnLoadMethodAttributes (14ms)
				AfterProcessingInitializeOnLoad (36ms)
				EditorAssembliesLoaded (1ms)
			ExecutionOrderSort2 (0ms)
			AwakeInstancesAfterBackupRestoration (19ms)
Platform modules already initialized, skipping
Refreshing native plugins compatible for Editor in 1.19 ms, found 2 plugins.
Preloading 0 native plugins for Editor in 0.00 ms.
Unloading 1626 Unused Serialized files (Serialized files now loaded: 0)
System memory in use before: 102.5 MB.
System memory in use after: 101.5 MB.

Unloading 16 unused Assets to reduce memory usage. Loaded Objects now: 2266.
Total: 14.421600 ms (FindLiveObjects: 4.696900 ms CreateObjectMapping: 0.240400 ms MarkObjects: 7.369500 ms  DeleteObjects: 2.112600 ms)

AssetImportParameters requested are different than current active one (requested -> active):
  custom:framework-win-MediaFoundation: 216162199b28c13a410421893ffa2e32 -> 
  custom:video-decoder-ogg-theora: a1e56fd34408186e4bbccfd4996cb3dc -> 
  custom:container-muxer-webm: aa71ff27fc2769a1b78a27578f13a17b -> 
  custom:container-demuxer-webm: 4f35f7cbe854078d1ac9338744f61a02 -> 
  custom:container-demuxer-ogg: 62fdf1f143b41e24485cea50d1cbac27 -> 
  custom:video-encoder-webm-vp8: eb34c28f22e8b96e1ab97ce403110664 -> 
  custom:video-decoder-webm-vp8: 9c59270c3fd7afecdb556c50c9e8de78 -> 
  custom:audio-decoder-ogg-vorbis: bf7c407c2cedff20999df2af8eb42d56 -> 
  custom:audio-encoder-webm-vorbis: bf7c407c2cedff20999df2af8eb42d56 -> 
========================================================================
Received Prepare
Registering precompiled user dll's ...
Registered in 0.004034 seconds.
Begin MonoManager ReloadAssembly
Native extension for WindowsStandalone target not found
Refreshing native plugins compatible for Editor in 3.22 ms, found 2 plugins.
Preloading 0 native plugins for Editor in 0.00 ms.
Mono: successfully reloaded assembly
- Completed reload, in  2.589 seconds
Domain Reload Profiling:
	ReloadAssembly (2590ms)
		BeginReloadAssembly (353ms)
			ExecutionOrderSort (0ms)
			DisableScriptedObjects (11ms)
			BackupInstance (0ms)
			ReleaseScriptingObjects (0ms)
			CreateAndSetChildDomain (69ms)
		EndReloadAssembly (1970ms)
			LoadAssemblies (322ms)
			RebuildTransferFunctionScriptingTraits (0ms)
			SetupTypeCache (703ms)
			ReleaseScriptCaches (2ms)
			RebuildScriptCaches (91ms)
			SetupLoadedEditorAssemblies (665ms)
				LogAssemblyErrors (0ms)
				InitializePlatformSupportModulesInManaged (8ms)
				SetLoadedEditorAssemblies (1ms)
				RefreshPlugins (3ms)
				BeforeProcessingInitializeOnLoad (193ms)
				ProcessInitializeOnLoadAttributes (431ms)
				ProcessInitializeOnLoadMethodAttributes (11ms)
				AfterProcessingInitializeOnLoad (16ms)
				EditorAssembliesLoaded (0ms)
			ExecutionOrderSort2 (0ms)
			AwakeInstancesAfterBackupRestoration (14ms)
Platform modules already initialized, skipping
Refreshing native plugins compatible for Editor in 1.09 ms, found 2 plugins.
Preloading 0 native plugins for Editor in 0.00 ms.
Unloading 1626 Unused Serialized files (Serialized files now loaded: 0)
System memory in use before: 102.5 MB.
System memory in use after: 101.5 MB.

Unloading 16 unused Assets to reduce memory usage. Loaded Objects now: 2268.
Total: 9.093200 ms (FindLiveObjects: 0.478000 ms CreateObjectMapping: 0.194400 ms MarkObjects: 6.585000 ms  DeleteObjects: 1.759200 ms)

AssetImportParameters requested are different than current active one (requested -> active):
  custom:framework-win-MediaFoundation: 216162199b28c13a410421893ffa2e32 -> 
  custom:video-decoder-ogg-theora: a1e56fd34408186e4bbccfd4996cb3dc -> 
  custom:container-muxer-webm: aa71ff27fc2769a1b78a27578f13a17b -> 
  custom:container-demuxer-webm: 4f35f7cbe854078d1ac9338744f61a02 -> 
  custom:container-demuxer-ogg: 62fdf1f143b41e24485cea50d1cbac27 -> 
  custom:video-encoder-webm-vp8: eb34c28f22e8b96e1ab97ce403110664 -> 
  custom:video-decoder-webm-vp8: 9c59270c3fd7afecdb556c50c9e8de78 -> 
  custom:audio-decoder-ogg-vorbis: bf7c407c2cedff20999df2af8eb42d56 -> 
  custom:audio-encoder-webm-vorbis: bf7c407c2cedff20999df2af8eb42d56 -> 
AssetImportWorkerClient::OnTransportError - code=2 error=End of file
